13:26:25 INFO  [Main] [Geode]: Running Geode v3.0.0 in Geometry Dash v2.206 on Windows
13:26:25 INFO  [Main] [Geode]: Setting up internal mod
13:26:25 WARN  [Main] [Geode]:   Encountered unknown setting "auto-update-mods" while loading settings
13:26:26 INFO  [Main] [Geode]: Setting up loader
13:26:26 DEBUG [Main] [Geode]:   Loading launch arguments
13:26:26 DEBUG [Main] [Geode]:   Setting up crash handler
13:26:26 DEBUG [Main] [Geode]:   Loading hooks
13:26:26 DEBUG [Main] [Geode]:     Enabled cocos2d::CCFileUtils::fullPathForFilename hook at 0x7ffb4388dde0 for geode.loader
13:26:26 DEBUG [Main] [Geode]:     Enabled cocos2d::CCFileUtils::sharedFileUtils hook at 0x7ffb43898640 for geode.loader
13:26:26 DEBUG [Main] [Geode]:     Enabled cocos2d::CCMenuItem::activate hook at 0x7ffb438797a0 for geode.loader
13:26:26 DEBUG [Main] [Geode]:     Enabled cocos2d::CCMenu::ccTouchEnded hook at 0x7ffb43878770 for geode.loader
13:26:26 DEBUG [Main] [Geode]:     Enabled FMOD::System::init hook at 0x7ffb3d18f320 for geode.loader
13:26:26 DEBUG [Main] [Geode]:     Enabled FMOD::ChannelControl::setVolume hook at 0x7ffb3d0ee480 for geode.loader
13:26:26 DEBUG [Main] [Geode]:     Enabled cocos2d::CCNode::getUserObject hook at 0x7ffb43823520 for geode.loader
13:26:26 DEBUG [Main] [Geode]:     Enabled cocos2d::CCNode::setUserObject hook at 0x7ffb43824fd0 for geode.loader
13:26:26 DEBUG [Main] [Geode]:     Enabled LevelPage::onPlay hook at 0x7ff7dce1d2e0 for geode.loader
13:26:26 DEBUG [Main] [Geode]:     Enabled LoadingLayer::init hook at 0x7ff7dce2db60 for geode.loader
13:26:26 DEBUG [Main] [Geode]:     Enabled LoadingLayer::loadAssets hook at 0x7ff7dce2e400 for geode.loader
13:26:26 DEBUG [Main] [Geode]:     Enabled MenuLayer::init hook at 0x7ff7dce330f0 for geode.loader
13:26:26 DEBUG [Main] [Geode]:     Enabled ProfilePage::getUserInfoFinished hook at 0x7ff7dcec2120 for geode.loader
13:26:26 DEBUG [Main] [Geode]:     Enabled AppDelegate::willSwitchToScene hook at 0x7ff7dcba1f10 for geode.loader
13:26:26 DEBUG [Main] [Geode]:     Enabled AppDelegate::trySaveGame hook at 0x7ff7dcba1e30 for geode.loader
13:26:26 DEBUG [Main] [Geode]:     Enabled cocos2d::CCScheduler::update hook at 0x7ffb438e0390 for geode.loader
13:26:26 DEBUG [Main] [Geode]:     Enabled CCTextInputNode::ccTouchBegan hook at 0x7ff7dcb70440 for geode.loader
13:26:26 DEBUG [Main] [Geode]:     Enabled LoadingLayer::loadAssets hook at 0x7ff7dce2e400 for geode.loader
13:26:26 DEBUG [Main] [Geode]:   Setting up directories
13:26:26 INFO  [Main] [Geode]:   Refreshing mod graph
13:26:26 DEBUG [Main] [Geode]:     Queueing mods
13:26:26 DEBUG [Main] [Geode]:       Searching E:\SteamLibrary\steamapps\common\Geometry Dash\geode\mods
13:26:26 DEBUG [Main] [Geode]:         Found alphalaneous.deathlink.geode
13:26:26 DEBUG [Main] [Geode]:           id: alphalaneous.deathlink
13:26:26 DEBUG [Main] [Geode]:           version: v1.2.9
13:26:26 DEBUG [Main] [Geode]:           early: no
13:26:26 DEBUG [Main] [Geode]:         Found cvolton.betterinfo.geode
13:26:26 DEBUG [Main] [Geode]:           id: cvolton.betterinfo
13:26:26 DEBUG [Main] [Geode]:           version: v4.2.0-beta.2
13:26:26 DEBUG [Main] [Geode]:           early: yes
13:26:26 DEBUG [Main] [Geode]:         Found cvolton.misc_bugfixes.geode
13:26:26 DEBUG [Main] [Geode]:           id: cvolton.misc_bugfixes
13:26:26 DEBUG [Main] [Geode]:           version: v1.2.0-beta.1
13:26:26 DEBUG [Main] [Geode]:           early: yes
13:26:26 DEBUG [Main] [Geode]:         Found dankmeme.globed2.geode
13:26:26 DEBUG [Main] [Geode]:           id: dankmeme.globed2
13:26:26 DEBUG [Main] [Geode]:           version: v1.4.0
13:26:26 DEBUG [Main] [Geode]:           early: no
13:26:26 DEBUG [Main] [Geode]:         Found egg.icon_hack.geode
13:26:26 DEBUG [Main] [Geode]:           id: egg.icon_hack
13:26:26 DEBUG [Main] [Geode]:           version: v1.5.0
13:26:26 DEBUG [Main] [Geode]:           early: yes
13:26:26 DEBUG [Main] [Geode]:         Found flafy.autonong.geode
13:26:26 DEBUG [Main] [Geode]:           id: flafy.autonong
13:26:26 DEBUG [Main] [Geode]:           version: v0.2.0
13:26:26 DEBUG [Main] [Geode]:           early: no
13:26:26 DEBUG [Main] [Geode]:         Found fleym.nongd.geode
13:26:26 DEBUG [Main] [Geode]:           id: fleym.nongd
13:26:26 DEBUG [Main] [Geode]:           version: v2.10.1
13:26:26 DEBUG [Main] [Geode]:           early: no
13:26:26 DEBUG [Main] [Geode]:         Found geode.custom-keybinds.geode
13:26:26 DEBUG [Main] [Geode]:           id: geode.custom-keybinds
13:26:26 DEBUG [Main] [Geode]:           version: v1.6.0
13:26:26 DEBUG [Main] [Geode]:           early: no
13:26:26 DEBUG [Main] [Geode]:         Found geode.node-ids.geode
13:26:26 DEBUG [Main] [Geode]:           id: geode.node-ids
13:26:26 DEBUG [Main] [Geode]:           version: v1.12.0
13:26:26 DEBUG [Main] [Geode]:           early: no
13:26:26 DEBUG [Main] [Geode]:         Found geode.texture-loader.geode
13:26:26 DEBUG [Main] [Geode]:           id: geode.texture-loader
13:26:26 DEBUG [Main] [Geode]:           version: v1.6.0
13:26:26 DEBUG [Main] [Geode]:           early: yes
13:26:26 DEBUG [Main] [Geode]:         Found itzkiba.better_progression.geode
13:26:26 DEBUG [Main] [Geode]:           id: itzkiba.better_progression
13:26:26 DEBUG [Main] [Geode]:           version: v1.2.1
13:26:26 DEBUG [Main] [Geode]:           early: no
13:26:26 DEBUG [Main] [Geode]:         Found syzzi.click_between_frames.geode
13:26:26 DEBUG [Main] [Geode]:           id: syzzi.click_between_frames
13:26:26 DEBUG [Main] [Geode]:           version: v1.1.15
13:26:26 DEBUG [Main] [Geode]:           early: no
13:26:26 DEBUG [Main] [Geode]:         Found TheSillyDoggo.StartposSwitcher.geode
13:26:26 DEBUG [Main] [Geode]:           id: TheSillyDoggo.StartposSwitcher
13:26:26 DEBUG [Main] [Geode]:           version: v1.1.2
13:26:26 DEBUG [Main] [Geode]:           early: no
13:26:26 DEBUG [Main] [Geode]:         Found tpdea.betterpause-Better.geode
13:26:26 DEBUG [Main] [Geode]:           id: tpdea.betterpause-Better
13:26:26 DEBUG [Main] [Geode]:           version: v1.6.8
13:26:26 DEBUG [Main] [Geode]:           early: yes
13:26:26 DEBUG [Main] [Geode]:         Found zilko.custom_labels.geode
13:26:26 DEBUG [Main] [Geode]:           id: zilko.custom_labels
13:26:26 DEBUG [Main] [Geode]:           version: v1.1.0
13:26:26 DEBUG [Main] [Geode]:           early: no
13:26:26 DEBUG [Main] [Geode]:     Populating mod list
13:26:26 DEBUG [Main] [Geode]:       alphalaneous.deathlink v1.2.9
13:26:26 DEBUG [Main] [Geode]:       cvolton.betterinfo v4.2.0-beta.2
13:26:26 WARN  [Main] [BetterInfo]:    Encountered unknown setting "hide-platformer-time" while loading settings
13:26:26 DEBUG [Main] [Geode]:       cvolton.misc_bugfixes v1.2.0-beta.1
13:26:26 WARN  [Main] [Misc Bugfixes]: Encountered unknown setting "skip-4gb-patch-check" while loading settings
13:26:26 DEBUG [Main] [Geode]:       dankmeme.globed2 v1.4.0
13:26:26 DEBUG [Main] [Geode]:       egg.icon_hack v1.5.0
13:26:26 DEBUG [Main] [Geode]:       flafy.autonong v0.2.0
13:26:26 DEBUG [Main] [Geode]:       fleym.nongd v2.10.1
13:26:26 DEBUG [Main] [Geode]:       geode.custom-keybinds v1.6.0
13:26:26 DEBUG [Main] [Geode]:       geode.node-ids v1.12.0
13:26:26 DEBUG [Main] [Geode]:       geode.texture-loader v1.6.0
13:26:26 DEBUG [Main] [Geode]:       itzkiba.better_progression v1.2.1
13:26:26 DEBUG [Main] [Geode]:       syzzi.click_between_frames v1.1.15
13:26:26 DEBUG [Main] [Geode]:       TheSillyDoggo.StartposSwitcher v1.1.2
13:26:27 DEBUG [Main] [Geode]:       tpdea.betterpause-Better v1.6.8
13:26:27 DEBUG [Main] [Geode]:       zilko.custom_labels v1.1.0
13:26:27 DEBUG [Main] [Geode]:     Building mod graph
13:26:27 DEBUG [Main] [Geode]:       geode.loader
13:26:27 DEBUG [Main] [Geode]:       alphalaneous.deathlink
13:26:27 DEBUG [Main] [Geode]:         geode.loader
13:26:27 DEBUG [Main] [Geode]:       fleym.nongd
13:26:27 DEBUG [Main] [Geode]:         geode.loader
13:26:27 DEBUG [Main] [Geode]:       tpdea.betterpause-Better
13:26:27 DEBUG [Main] [Geode]:         geode.loader
13:26:27 DEBUG [Main] [Geode]:         geode.node-ids
13:26:27 DEBUG [Main] [Geode]:       flafy.autonong
13:26:27 DEBUG [Main] [Geode]:         geode.loader
13:26:27 DEBUG [Main] [Geode]:         fleym.nongd
13:26:27 DEBUG [Main] [Geode]:       dankmeme.globed2
13:26:27 DEBUG [Main] [Geode]:         geode.loader
13:26:27 DEBUG [Main] [Geode]:         geode.custom-keybinds
13:26:27 DEBUG [Main] [Geode]:       cvolton.betterinfo
13:26:27 DEBUG [Main] [Geode]:         geode.loader
13:26:27 DEBUG [Main] [Geode]:         geode.node-ids
13:26:27 DEBUG [Main] [Geode]:         cvolton.misc_bugfixes
13:26:27 DEBUG [Main] [Geode]:       cvolton.misc_bugfixes
13:26:27 DEBUG [Main] [Geode]:         geode.loader
13:26:27 DEBUG [Main] [Geode]:       egg.icon_hack
13:26:27 DEBUG [Main] [Geode]:         geode.loader
13:26:27 DEBUG [Main] [Geode]:       geode.custom-keybinds
13:26:27 DEBUG [Main] [Geode]:         geode.loader
13:26:27 DEBUG [Main] [Geode]:       geode.node-ids
13:26:27 DEBUG [Main] [Geode]:         geode.loader
13:26:27 DEBUG [Main] [Geode]:       geode.texture-loader
13:26:27 DEBUG [Main] [Geode]:         geode.loader
13:26:27 DEBUG [Main] [Geode]:       itzkiba.better_progression
13:26:27 DEBUG [Main] [Geode]:         geode.loader
13:26:27 DEBUG [Main] [Geode]:         geode.node-ids
13:26:27 DEBUG [Main] [Geode]:       TheSillyDoggo.StartposSwitcher
13:26:27 DEBUG [Main] [Geode]:         geode.loader
13:26:27 DEBUG [Main] [Geode]:       syzzi.click_between_frames
13:26:27 DEBUG [Main] [Geode]:         geode.loader
13:26:27 DEBUG [Main] [Geode]:         geode.custom-keybinds
13:26:27 DEBUG [Main] [Geode]:       zilko.custom_labels
13:26:27 DEBUG [Main] [Geode]:         geode.loader
13:26:27 DEBUG [Main] [Geode]:         geode.node-ids
13:26:27 DEBUG [Main] [Geode]:     Loading early mods
13:26:27 DEBUG [Main] [Geode]:       tpdea.betterpause-Better v1.6.8 has unresolved dependencies
13:26:27 DEBUG [Main] [Geode]:       cvolton.betterinfo v4.2.0-beta.2 has unresolved dependencies
13:26:27 DEBUG [Main] [Geode]:       cvolton.misc_bugfixes v1.2.0-beta.1
13:26:27 DEBUG [Main] [Geode]:         Unzip
13:26:27 DEBUG [Main] [Geode]:         Same hash detected, skipping unzip
13:26:27 DEBUG [Main] [Geode]:         Load
13:26:27 DEBUG [Main] [Geode]:         Loading binary for mod cvolton.misc_bugfixes
13:26:27 DEBUG [Main] [Geode]:         Enabled MenuLayer::init hook at 0x7ff7dce330f0 for cvolton.misc_bugfixes
13:26:27 DEBUG [Main] [Geode]:         Enabled CommentCell::FLAlert_Clicked hook at 0x7ff7dcbd5d50 for cvolton.misc_bugfixes
13:26:27 DEBUG [Main] [Geode]:         Enabled CommentCell::onConfirmDelete hook at 0x7ff7dcbd5be0 for cvolton.misc_bugfixes
13:26:27 DEBUG [Main] [Geode]:         Enabled CommentCell::onLike hook at 0x7ff7dcbd5980 for cvolton.misc_bugfixes
13:26:27 DEBUG [Main] [Geode]:         Enabled MenuLayer::init hook at 0x7ff7dce330f0 for cvolton.misc_bugfixes
13:26:27 INFO  [Main] [Misc Bugfixes]: Checking if v3.0.0 is older than v2.0.0-beta.24
13:26:27 DEBUG [Main] [Geode]:         Enabled cocos2d::CCDrawNode::drawPolygon hook at 0x7ffb43832990 for cvolton.misc_bugfixes
13:26:27 DEBUG [Main] [Geode]:         Enabled LevelBrowserLayer::getSearchTitle hook at 0x7ff7dcdd8750 for cvolton.misc_bugfixes
13:26:27 DEBUG [Main] [Geode]:         Enabled ProfilePage::loadPageFromUserInfo hook at 0x7ff7dcebc890 for cvolton.misc_bugfixes
13:26:27 DEBUG [Main] [Geode]:         Enabled GJSongBrowser::FLAlert_Clicked hook at 0x7ff7dcdc5540 for cvolton.misc_bugfixes
13:26:27 DEBUG [Main] [Geode]:         Enabled CustomSongWidget::deleteSong hook at 0x7ff7dcbe7360 for cvolton.misc_bugfixes
13:26:27 DEBUG [Main] [Geode]:         Enabled CustomSongWidget::updateSongInfo hook at 0x7ff7dcbe8800 for cvolton.misc_bugfixes
13:26:27 DEBUG [Main] [Geode]:         Enabled MenuLayer::init hook at 0x7ff7dce330f0 for cvolton.misc_bugfixes
13:26:27 DEBUG [Main] [Geode]:         Enabled MusicDownloadManager::downloadCustomSong hook at 0x7ff7dce3f240 for cvolton.misc_bugfixes
13:26:27 DEBUG [Main] [Geode]:         Enabled MusicDownloadManager::downloadSong hook at 0x7ff7dce3d960 for cvolton.misc_bugfixes
13:26:27 DEBUG [Main] [Geode]:         Enabled MusicDownloadManager::isSongDownloaded hook at 0x7ff7dce3e180 for cvolton.misc_bugfixes
13:26:27 DEBUG [Main] [Geode]:         Enabled MusicDownloadManager::onDownloadSongCompleted hook at 0x7ff7dce3dc50 for cvolton.misc_bugfixes
13:26:27 DEBUG [Main] [Geode]:         Enabled LevelInfoLayer::init hook at 0x7ff7dcdf7620 for cvolton.misc_bugfixes
13:26:27 DEBUG [Main] [Geode]:         Enabled LevelInfoLayer::onPlay hook at 0x7ff7dcdfc520 for cvolton.misc_bugfixes
13:26:27 DEBUG [Main] [Geode]:         Enabled MenuLayer::init hook at 0x7ff7dce330f0 for cvolton.misc_bugfixes
13:26:27 DEBUG [Main] [Geode]:       egg.icon_hack v1.5.0
13:26:27 ERROR [Main] [Geode]:         This mod was created for a different version of Geometry Dash (2.204). You currently have version 2.206.
13:26:27 DEBUG [Main] [Geode]:       geode.node-ids v1.12.0
13:26:27 DEBUG [Main] [Geode]:         Unzip
13:26:27 DEBUG [Main] [Geode]:         Same hash detected, skipping unzip
13:26:27 DEBUG [Main] [Geode]:         Load
13:26:27 DEBUG [Main] [Geode]:         Loading binary for mod geode.node-ids
13:26:27 DEBUG [Main] [Geode]:         Enabled ChallengeNode::init hook at 0x7ff7dcba5490 for geode.node-ids
13:26:27 DEBUG [Main] [Geode]:         Enabled ChallengesPage::createChallengeNode hook at 0x7ff7dcba49f0 for geode.node-ids
13:26:27 DEBUG [Main] [Geode]:         Enabled ChallengesPage::init hook at 0x7ff7dcba3ca0 for geode.node-ids
13:26:27 DEBUG [Main] [Geode]:         Enabled CharacterColorPage::init hook at 0x7ff7dcba66e0 for geode.node-ids
13:26:27 DEBUG [Main] [Geode]:         Enabled CommentCell::loadFromComment hook at 0x7ff7dcbd3790 for geode.node-ids
13:26:27 DEBUG [Main] [Geode]:         Enabled CreatorLayer::init hook at 0x7ff7dcbba300 for geode.node-ids
13:26:27 DEBUG [Main] [Geode]:         Enabled CustomSongWidget::init hook at 0x7ff7dcbe5900 for geode.node-ids
13:26:27 DEBUG [Main] [Geode]:         Enabled CustomizeObjectLayer::init hook at 0x7ff7dcbc32f0 for geode.node-ids
13:26:27 DEBUG [Main] [Geode]:         Enabled CustomizeObjectLayer::toggleVisible hook at 0x7ff7dcbc70e0 for geode.node-ids
13:26:27 DEBUG [Main] [Geode]:         Enabled DailyLevelNode::init hook at 0x7ff7dcbeea30 for geode.node-ids
13:26:27 DEBUG [Main] [Geode]:         Enabled DailyLevelPage::init hook at 0x7ff7dcbeb4c0 for geode.node-ids
13:26:27 DEBUG [Main] [Geode]:         Enabled DemonFilterSelectLayer::init hook at 0x7ff7dce172c0 for geode.node-ids
13:26:27 DEBUG [Main] [Geode]:         Enabled EditLevelLayer::init hook at 0x7ff7dcbf1c80 for geode.node-ids
13:26:27 DEBUG [Main] [Geode]:         Enabled EditorPauseLayer::init hook at 0x7ff7dcbf66f0 for geode.node-ids
13:26:27 DEBUG [Main] [Geode]:         Enabled EditorUI::init hook at 0x7ff7dcbfba20 for geode.node-ids
13:26:27 DEBUG [Main] [Geode]:         Enabled EndLevelLayer::customSetup hook at 0x7ff7dcc4edf0 for geode.node-ids
13:26:27 DEBUG [Main] [Geode]:         Enabled EndLevelLayer::showLayer hook at 0x7ff7dcc50b60 for geode.node-ids
13:26:27 DEBUG [Main] [Geode]:         Enabled FLAlertLayer::init hook at 0x7ff7dcb70ce0 for geode.node-ids
13:26:27 DEBUG [Main] [Geode]:         Enabled GJCommentListLayer::init hook at 0x7ff7dcd9f8c0 for geode.node-ids
13:26:27 DEBUG [Main] [Geode]:         Enabled GJDropDownLayer::init hook at 0x7ff7dcd654f0 for geode.node-ids
13:26:27 DEBUG [Main] [Geode]:         Enabled GJGarageLayer::init hook at 0x7ff7dcd81150 for geode.node-ids
13:26:27 DEBUG [Main] [Geode]:         Enabled GJGarageLayer::setupPage hook at 0x7ff7dcd84070 for geode.node-ids
13:26:27 DEBUG [Main] [Geode]:         Enabled GJGroundLayer::init hook at 0x7ff7dcd8c060 for geode.node-ids
13:26:27 DEBUG [Main] [Geode]:         Enabled GJListLayer::init hook at 0x7ff7dcd8d710 for geode.node-ids
13:26:27 DEBUG [Main] [Geode]:         Enabled GJScoreCell::loadFromScore hook at 0x7ff7dcbd6010 for geode.node-ids
13:26:27 DEBUG [Main] [Geode]:         Enabled GameToolbox::addBackButton hook at 0x7ff7dcb83a20 for geode.node-ids
13:26:27 DEBUG [Main] [Geode]:         Enabled GameToolbox::addRThumbScrollButton hook at 0x7ff7dcb83b00 for geode.node-ids
13:26:27 DEBUG [Main] [Geode]:         Enabled GauntletNode::init hook at 0x7ff7dcd0df90 for geode.node-ids
13:26:27 DEBUG [Main] [Geode]:         Enabled GauntletSelectLayer::init hook at 0x7ff7dcd0bd80 for geode.node-ids
13:26:27 DEBUG [Main] [Geode]:         Enabled GauntletSelectLayer::setupGauntlets hook at 0x7ff7dcd0ce70 for geode.node-ids
13:26:27 DEBUG [Main] [Geode]:         Enabled InfoLayer::init hook at 0x7ff7dcdc8470 for geode.node-ids
13:26:27 DEBUG [Main] [Geode]:         Enabled InfoLayer::setupCommentsBrowser hook at 0x7ff7dcdcc2c0 for geode.node-ids
13:26:27 DEBUG [Main] [Geode]:         Enabled LeaderboardsLayer::init hook at 0x7ff7dcdced30 for geode.node-ids
13:26:27 DEBUG [Main] [Geode]:         Enabled LevelAreaInnerLayer::init hook at 0x7ff7dcdd3200 for geode.node-ids
13:26:27 DEBUG [Main] [Geode]:         Enabled LevelBrowserLayer::init hook at 0x7ff7dcdd57d0 for geode.node-ids
13:26:27 DEBUG [Main] [Geode]:         Enabled LevelCell::loadCustomLevelCell hook at 0x7ff7dcbcc110 for geode.node-ids
13:26:27 DEBUG [Main] [Geode]:         Enabled LevelCell::loadFromLevel hook at 0x7ff7dcbcbf30 for geode.node-ids
13:26:27 DEBUG [Main] [Geode]:         Enabled LevelCell::loadLocalLevelCell hook at 0x7ff7dcbcea50 for geode.node-ids
13:26:27 DEBUG [Main] [Geode]:         Enabled LevelEditorLayer::init hook at 0x7ff7dcdde440 for geode.node-ids
13:26:27 DEBUG [Main] [Geode]:         Enabled LevelInfoLayer::init hook at 0x7ff7dcdf7620 for geode.node-ids
13:26:27 DEBUG [Main] [Geode]:         Enabled LevelInfoLayer::setupPlatformerStats hook at 0x7ff7dcdfa440 for geode.node-ids
13:26:27 DEBUG [Main] [Geode]:         Enabled LevelInfoLayer::setupProgressBars hook at 0x7ff7dcdfa870 for geode.node-ids
13:26:27 DEBUG [Main] [Geode]:         Enabled LevelInfoLayer::updateLabelValues hook at 0x7ff7dcdff060 for geode.node-ids
13:26:27 DEBUG [Main] [Geode]:         Enabled LevelLeaderboard::init hook at 0x7ff7dce00660 for geode.node-ids
13:26:27 DEBUG [Main] [Geode]:         Enabled LevelListCell::loadFromList hook at 0x7ff7dcbdc320 for geode.node-ids
13:26:27 DEBUG [Main] [Geode]:         Enabled LevelPage::init hook at 0x7ff7dce19570 for geode.node-ids
13:26:27 DEBUG [Main] [Geode]:         Enabled LevelPage::updateDynamicPage hook at 0x7ff7dce1a200 for geode.node-ids
13:26:27 DEBUG [Main] [Geode]:         Enabled LevelSearchLayer::init hook at 0x7ff7dce0bc60 for geode.node-ids
13:26:27 DEBUG [Main] [Geode]:         Enabled LevelSelectLayer::init hook at 0x7ff7dce17d60 for geode.node-ids
13:26:27 DEBUG [Main] [Geode]:         Enabled MenuGameLayer::init hook at 0x7ff7dce30ac0 for geode.node-ids
13:26:27 DEBUG [Main] [Geode]:         Enabled MoreOptionsLayer::init hook at 0x7ff7dce71e90 for geode.node-ids
13:26:27 DEBUG [Main] [Geode]:         Enabled MoreSearchLayer::init hook at 0x7ff7dce12540 for geode.node-ids
13:26:27 DEBUG [Main] [Geode]:         Enabled OptionsLayer::customSetup hook at 0x7ff7dce704c0 for geode.node-ids
13:26:27 DEBUG [Main] [Geode]:         Enabled PauseLayer::customSetup hook at 0x7ff7dce7abc0 for geode.node-ids
13:26:27 DEBUG [Main] [Geode]:         Enabled PlayLayer::init hook at 0x7ff7dcea2890 for geode.node-ids
13:26:27 DEBUG [Main] [Geode]:         Enabled PlayLayer::setupHasCompleted hook at 0x7ff7dcea35e0 for geode.node-ids
13:26:27 DEBUG [Main] [Geode]:         Enabled PlayerObject::init hook at 0x7ff7dce84970 for geode.node-ids
13:26:27 DEBUG [Main] [Geode]:         Enabled ProfilePage::init hook at 0x7ff7dcebb3b0 for geode.node-ids
13:26:27 DEBUG [Main] [Geode]:         Enabled ProfilePage::loadPageFromUserInfo hook at 0x7ff7dcebc890 for geode.node-ids
13:26:27 DEBUG [Main] [Geode]:         Enabled RewardsPage::init hook at 0x7ff7dcec8710 for geode.node-ids
13:26:27 DEBUG [Main] [Geode]:         Enabled SecretRewardsLayer::init hook at 0x7ff7dcece2c0 for geode.node-ids
13:26:27 DEBUG [Main] [Geode]:         Enabled SetGroupIDLayer::init hook at 0x7ff7dceede60 for geode.node-ids
13:26:27 DEBUG [Main] [Geode]:         Enabled ShardsPage::init hook at 0x7ff7dcf7de70 for geode.node-ids
13:26:27 DEBUG [Main] [Geode]:         Enabled UILayer::init hook at 0x7ff7dcfbfe60 for geode.node-ids
13:26:27 DEBUG [Main] [Geode]:       geode.texture-loader v1.6.0
13:26:27 DEBUG [Main] [Geode]:         Unzip
13:26:27 DEBUG [Main] [Geode]:         Same hash detected, skipping unzip
13:26:27 DEBUG [Main] [Geode]:         Load
13:26:27 DEBUG [Main] [Geode]:         Loading binary for mod geode.texture-loader
13:26:27 DEBUG [Main] [Geode]:         Enabled cocos2d::CCSprite::create hook at 0x7ffb438a8c40 for geode.texture-loader
13:26:27 DEBUG [Main] [Geode]:         Enabled cocos2d::CCSprite::createWithSpriteFrameName hook at 0x7ffb438a8e30 for geode.texture-loader
13:26:27 DEBUG [Main] [Geode]:         Enabled cocos2d::CCSprite::initWithSpriteFrame hook at 0x7ffb438a9340 for geode.texture-loader
13:26:27 DEBUG [Main] [Geode]:         Enabled cocos2d::CCSpriteFrameCache::spriteFrameByName hook at 0x7ffb438affa0 for geode.texture-loader
13:26:27 DEBUG [Main] [Geode]:         Enabled MenuLayer::init hook at 0x7ff7dce330f0 for geode.texture-loader
13:26:27 INFO  [Ma>] [Texture Loader]: Loading texture packs
13:26:27 WARN  [Ma>] [Texture Loader]: Unable to load pack E:\SteamLibrary\steamapps\common\Geometry Dash\geode\config\geode.texture-loader\packs\feefai ob 1.rar: Expected zip or apk
13:26:27 INFO  [Ma>] [Texture Loader]: Loaded 1 packs
13:26:27 INFO  [Main] [Geode]:     Took 1.401s. Continuing next frame...
13:26:27 DEBUG [Main] [Geode]: Setting up IPC
13:26:27 DEBUG [Main] [Geode]:   IPC set up
13:26:27 INFO  [Main] [Geode]: Starting loader update check
13:26:27 DEBUG [Main] [Geode]: Last update check result: v3.0.0
13:26:27 INFO  [Main] [Geode]: Entry took 1.547s
13:26:54 DEBUG [stderr]: libpng warning: iCCP: known incorrect sRGB profile
13:26:54 DEBUG [stderr]: libpng warning: iCCP: known incorrect sRGB profile
13:26:54 INFO  [Main] [Geode]: Continuing mod graph refresh...
13:26:54 DEBUG [Main] [Geode]:   Loading mods
13:26:54 DEBUG [Main] [Geode]:     zilko.custom_labels v1.1.0
13:26:54 ERROR [Main] [Geode]:       This mod was created for a different version of Geometry Dash (2.204). You currently have version 2.206.
13:26:54 INFO  [Main] [Geode]: Latest version is v3.2.0
13:26:54 INFO  [Main] [Geode]: Took 0.064s
13:26:54 INFO  [Main] [Geode]: Continuing mod graph refresh...
13:26:54 DEBUG [Main] [Geode]:   Loading mods
13:26:54 DEBUG [Main] [Geode]:     itzkiba.better_progression v1.2.1
13:26:54 DEBUG [Mod Unzip] [Geode]:  Unzip
13:26:54 DEBUG [Mod Unzip] [Geode]:  Same hash detected, skipping unzip
13:26:54 DEBUG [Main] [Geode]:       Load
13:26:54 DEBUG [Main] [Geode]:       Loading binary for mod itzkiba.better_progression
13:26:54 DEBUG [Main] [Geode]:       Enabled PlayLayer::init hook at 0x7ff7dcea2890 for itzkiba.better_progression
13:26:54 DEBUG [Main] [Geode]:       Enabled PlayLayer::onQuit hook at 0x7ff7dceb7540 for itzkiba.better_progression
13:26:54 DEBUG [Main] [Geode]:       Enabled cocos2d::CCDirector::willSwitchToScene hook at 0x7ffb438ddad0 for itzkiba.better_progression
13:26:54 DEBUG [Main] [Geode]:       Enabled ProfilePage::loadPageFromUserInfo hook at 0x7ff7dcebc890 for itzkiba.better_progression
13:26:54 DEBUG [Main] [Geode]:       Enabled MenuLayer::init hook at 0x7ff7dce330f0 for itzkiba.better_progression
13:26:54 DEBUG [Main] [Geode]:       Enabled GJScoreCell::loadFromScore hook at 0x7ff7dcbd6010 for itzkiba.better_progression
13:26:55 INFO  [Main] [Geode]: Took 0.365s
13:26:55 INFO  [Main] [Geode]: Continuing mod graph refresh...
13:26:55 DEBUG [Main] [Geode]:   Loading mods
13:26:55 DEBUG [Main] [Geode]:     cvolton.betterinfo v4.2.0-beta.2
13:26:55 DEBUG [Mod Unzip] [Geode]:  Unzip
13:26:55 DEBUG [Mod Unzip] [Geode]:  Same hash detected, skipping unzip
13:26:55 DEBUG [Main] [Geode]:       Load
13:26:55 DEBUG [Main] [Geode]:       Loading binary for mod cvolton.betterinfo
13:26:55 DEBUG [Main] [Geode]:       Enabled ChallengesPage::createChallengeNode hook at 0x7ff7dcba49f0 for cvolton.betterinfo
13:26:55 DEBUG [Main] [Geode]:       Enabled ChallengesPage::init hook at 0x7ff7dcba3ca0 for cvolton.betterinfo
13:26:55 DEBUG [Main] [Geode]:       Enabled ChallengesPage::updateTimers hook at 0x7ff7dcba4d70 for cvolton.betterinfo
13:26:55 DEBUG [Main] [Geode]:       Enabled CommentCell::loadFromComment hook at 0x7ff7dcbd3790 for cvolton.betterinfo
13:26:55 DEBUG [Main] [Geode]:       Enabled CreatorLayer::init hook at 0x7ff7dcbba300 for cvolton.betterinfo
13:26:55 DEBUG [Main] [Geode]:       Enabled DailyLevelNode::init hook at 0x7ff7dcbeea30 for cvolton.betterinfo
13:26:55 DEBUG [Main] [Geode]:       Enabled DailyLevelPage::init hook at 0x7ff7dcbeb4c0 for cvolton.betterinfo
13:26:55 DEBUG [Main] [Geode]:       Enabled DailyLevelPage::updateTimers hook at 0x7ff7dcbee170 for cvolton.betterinfo
13:26:55 DEBUG [Main] [Geode]:       Enabled EditLevelLayer::init hook at 0x7ff7dcbf1c80 for cvolton.betterinfo
13:26:55 DEBUG [Main] [Geode]:       Enabled EditLevelLayer::onLevelInfo hook at 0x7ff7dcbf3270 for cvolton.betterinfo
13:26:55 DEBUG [Main] [Geode]:       Enabled GJLevelList::showListInfo hook at 0x7ff7dcc8eff0 for cvolton.betterinfo
13:26:55 DEBUG [Main] [Geode]:       Enabled GJScoreCell::loadFromScore hook at 0x7ff7dcbd6010 for cvolton.betterinfo
13:26:55 DEBUG [Main] [Geode]:       Enabled GameLevelManager::getCompletedLevels hook at 0x7ff7dcc62d40 for cvolton.betterinfo
13:26:55 DEBUG [Main] [Geode]:       Enabled GameLevelManager::getSavedLevels hook at 0x7ff7dcc628f0 for cvolton.betterinfo
13:26:55 DEBUG [Main] [Geode]:       Enabled GameLevelManager::limitSavedLevels hook at 0x7ff7dcc64b70 for cvolton.betterinfo
13:26:55 DEBUG [Main] [Geode]:       Enabled GameLevelManager::onProcessHttpRequestCompleted hook at 0x7ff7dcc5e3d0 for cvolton.betterinfo
13:26:55 DEBUG [Main] [Geode]:       Enabled GameLevelManager::userNameForUserID hook at 0x7ff7dcc614e0 for cvolton.betterinfo
13:26:55 DEBUG [Main] [Geode]:       Enabled InfoLayer::init hook at 0x7ff7dcdc8470 for cvolton.betterinfo
13:26:55 DEBUG [Main] [Geode]:       Enabled InfoLayer::loadPage hook at 0x7ff7dcdcbd50 for cvolton.betterinfo
13:26:55 DEBUG [Main] [Geode]:       Enabled InfoLayer::onLevelInfo hook at 0x7ff7dcdcb5b0 for cvolton.betterinfo
13:26:55 DEBUG [Main] [Geode]:       Enabled InfoLayer::onMore hook at 0x7ff7dcdcaed0 for cvolton.betterinfo
13:26:55 DEBUG [Main] [Geode]:       Enabled InfoLayer::setupCommentsBrowser hook at 0x7ff7dcdcc2c0 for cvolton.betterinfo
13:26:55 DEBUG [Main] [Geode]:       Enabled ItemInfoPopup::init hook at 0x7ff7dcd89730 for cvolton.betterinfo
13:26:55 DEBUG [Main] [Geode]:       Enabled LeaderboardsLayer::init hook at 0x7ff7dcdced30 for cvolton.betterinfo
13:26:55 DEBUG [Main] [Geode]:       Enabled LevelAreaInnerLayer::init hook at 0x7ff7dcdd3200 for cvolton.betterinfo
13:26:55 DEBUG [Main] [Geode]:       Enabled LevelBrowserLayer::init hook at 0x7ff7dcdd57d0 for cvolton.betterinfo
13:26:55 DEBUG [Main] [Geode]:       Enabled LevelBrowserLayer::loadPage hook at 0x7ff7dcdd72b0 for cvolton.betterinfo
13:26:55 DEBUG [Main] [Geode]:       Enabled LevelBrowserLayer::onGoToPage hook at 0x7ff7dcdd9420 for cvolton.betterinfo
13:26:55 DEBUG [Main] [Geode]:       Enabled LevelBrowserLayer::setupPageInfo hook at 0x7ff7dcdd9130 for cvolton.betterinfo
13:26:55 DEBUG [Main] [Geode]:       Enabled LevelCell::loadCustomLevelCell hook at 0x7ff7dcbcc110 for cvolton.betterinfo
13:26:55 DEBUG [Main] [Geode]:       Enabled LevelCell::onViewProfile hook at 0x7ff7dcbcf700 for cvolton.betterinfo
13:26:55 DEBUG [Main] [Geode]:       Enabled LevelInfoLayer::init hook at 0x7ff7dcdf7620 for cvolton.betterinfo
13:26:55 DEBUG [Main] [Geode]:       Enabled LevelInfoLayer::onLevelInfo hook at 0x7ff7dcdfeba0 for cvolton.betterinfo
13:26:55 DEBUG [Main] [Geode]:       Enabled LevelInfoLayer::onViewProfile hook at 0x7ff7dcdfeaf0 for cvolton.betterinfo
13:26:55 DEBUG [Main] [Geode]:       Enabled LevelInfoLayer::updateLabelValues hook at 0x7ff7dcdff060 for cvolton.betterinfo
13:26:55 DEBUG [Main] [Geode]:       Enabled LevelLeaderboard::init hook at 0x7ff7dce00660 for cvolton.betterinfo
13:26:55 DEBUG [Main] [Geode]:       Enabled LevelListCell::loadFromList hook at 0x7ff7dcbdc320 for cvolton.betterinfo
13:26:55 DEBUG [Main] [Geode]:       Enabled LevelPage::onInfo hook at 0x7ff7dce1d820 for cvolton.betterinfo
13:26:55 DEBUG [Main] [Geode]:       Enabled LevelSearchLayer::getSearchObject hook at 0x7ff7dce0f7b0 for cvolton.betterinfo
13:26:55 DEBUG [Main] [Geode]:       Enabled MoreSearchLayer::init hook at 0x7ff7dce12540 for cvolton.betterinfo
13:26:55 DEBUG [Main] [Geode]:       Enabled MoreSearchLayer::onSongFilter hook at 0x7ff7dce157e0 for cvolton.betterinfo
13:26:55 DEBUG [Main] [Geode]:       Enabled MoreSearchLayer::onSongMode hook at 0x7ff7dce16500 for cvolton.betterinfo
13:26:55 DEBUG [Main] [Geode]:       Enabled PlayLayer::init hook at 0x7ff7dcea2890 for cvolton.betterinfo
13:26:55 DEBUG [Main] [Geode]:       Enabled PlayLayer::levelComplete hook at 0x7ff7dcea4850 for cvolton.betterinfo
13:26:55 DEBUG [Main] [Geode]:       Enabled PlayLayer::onQuit hook at 0x7ff7dceb7540 for cvolton.betterinfo
13:26:55 DEBUG [Main] [Geode]:       Enabled PlayLayer::resetLevel hook at 0x7ff7dceb58b0 for cvolton.betterinfo
13:26:55 DEBUG [Main] [Geode]:       Enabled ProfilePage::getUserInfoFailed hook at 0x7ff7dcec2210 for cvolton.betterinfo
13:26:55 DEBUG [Main] [Geode]:       Enabled ProfilePage::init hook at 0x7ff7dcebb3b0 for cvolton.betterinfo
13:26:55 DEBUG [Main] [Geode]:       Enabled ProfilePage::loadPageFromUserInfo hook at 0x7ff7dcebc890 for cvolton.betterinfo
13:26:55 DEBUG [Main] [Geode]:       Enabled ProfilePage::onClose hook at 0x7ff7dcec15b0 for cvolton.betterinfo
13:26:55 DEBUG [Main] [Geode]:       Enabled RewardsPage::init hook at 0x7ff7dcec8710 for cvolton.betterinfo
13:26:55 DEBUG [Main] [Geode]:       Enabled GJGameLevel::lengthKeyToString hook at 0x7ff7dcc84860 for cvolton.betterinfo
13:26:55 DEBUG [Main] [Geode]:       Enabled MenuLayer::init hook at 0x7ff7dce330f0 for cvolton.betterinfo
13:26:55 INFO  [Main] [Geode]: Took 0.305s
13:26:55 INFO  [Main] [Geode]: Continuing mod graph refresh...
13:26:55 DEBUG [Main] [Geode]:   Loading mods
13:26:55 DEBUG [Main] [Geode]:     tpdea.betterpause-Better v1.6.8
13:26:55 ERROR [Main] [Geode]:       This mod was created for a different version of Geometry Dash (2.204). You currently have version 2.206.
13:26:55 INFO  [Main] [Geode]: Took 0.086s
13:26:55 INFO  [Main] [Geode]: Continuing mod graph refresh...
13:26:55 DEBUG [Main] [Geode]:   Loading mods
13:26:55 DEBUG [Main] [Geode]:     cvolton.betterinfo v4.2.0-beta.2
13:26:55 INFO  [Main] [Geode]: Took 0.015s
13:26:55 INFO  [Main] [Geode]: Continuing mod graph refresh...
13:26:55 DEBUG [Main] [Geode]:   Loading mods
13:26:55 DEBUG [Main] [Geode]:     alphalaneous.deathlink v1.2.9
13:26:55 ERROR [Main] [Geode]:       This mod was created for a different version of Geometry Dash (2.204). You currently have version 2.206.
13:26:55 INFO  [Main] [Geode]: Took 0.023s
13:26:55 INFO  [Main] [Geode]: Continuing mod graph refresh...
13:26:55 DEBUG [Main] [Geode]:   Loading mods
13:26:55 DEBUG [Main] [Geode]:     fleym.nongd v2.10.1
13:26:55 DEBUG [Mod Unzip] [Geode]:  Unzip
13:26:55 DEBUG [Mod Unzip] [Geode]:  Same hash detected, skipping unzip
13:26:55 DEBUG [Main] [Geode]:       Load
13:26:55 DEBUG [Main] [Geode]:       Loading binary for mod fleym.nongd
13:26:55 INFO  [BI Manager Loader] [BetterInfo]: Loaded cache.json
13:26:55 DEBUG [Main] [Geode]:       Enabled CustomSongWidget::init hook at 0x7ff7dcbe5900 for fleym.nongd
13:26:55 DEBUG [Main] [Geode]:       Enabled CustomSongWidget::updateMultiAssetInfo hook at 0x7ff7dcbe9960 for fleym.nongd
13:26:55 DEBUG [Main] [Geode]:       Enabled CustomSongWidget::updateSongInfo hook at 0x7ff7dcbe8800 for fleym.nongd
13:26:55 DEBUG [Main] [Geode]:       Enabled CustomSongWidget::updateWithMultiAssets hook at 0x7ff7dcbe9610 for fleym.nongd
13:26:55 DEBUG [Main] [Geode]:       Enabled LevelInfoLayer::init hook at 0x7ff7dcdf7620 for fleym.nongd
13:26:55 DEBUG [Main] [Geode]:       Enabled GJGameLevel::getAudioFileName hook at 0x7ff7dcc84b80 for fleym.nongd
13:26:55 DEBUG [Main] [Geode]:       Enabled LevelTools::getAudioTitle hook at 0x7ff7dce27130 for fleym.nongd
13:26:55 DEBUG [Main] [Geode]:       Enabled LevelSelectLayer::init hook at 0x7ff7dce17d60 for fleym.nongd
13:26:55 DEBUG [Main] [Geode]:       Enabled MenuLayer::init hook at 0x7ff7dce330f0 for fleym.nongd
13:26:55 DEBUG [Main] [Geode]:       Enabled MusicDownloadManager::getSongInfoObject hook at 0x7ff7dce3e070 for fleym.nongd
13:26:55 DEBUG [Main] [Geode]:       Enabled MusicDownloadManager::onGetSongInfoCompleted hook at 0x7ff7dce3c960 for fleym.nongd
13:26:55 DEBUG [Main] [Geode]:       Enabled MusicDownloadManager::pathForSong hook at 0x7ff7dce3e400 for fleym.nongd
13:27:01 INFO  [Main] [Geode]: Took 5.8s
13:27:01 INFO  [Main] [Geode]: Continuing mod graph refresh...
13:27:01 DEBUG [Main] [Geode]:   Loading mods
13:27:01 DEBUG [Main] [Geode]:     flafy.autonong v0.2.0
13:27:01 DEBUG [Mod Unzip] [Geode]:  Unzip
13:27:01 DEBUG [Mod Unzip] [Geode]:  Same hash detected, skipping unzip
13:27:01 DEBUG [Main] [Geode]:       Load
13:27:01 DEBUG [Main] [Geode]:       Loading binary for mod flafy.autonong
13:27:01 DEBUG [Main] [Geode]:       Enabled CustomSongWidget::updateSongInfo hook at 0x7ff7dcbe8800 for flafy.autonong
13:27:01 DEBUG [Main] [Geode]:       Enabled LevelInfoLayer::init hook at 0x7ff7dcdf7620 for flafy.autonong
13:27:01 INFO  [Main] [Auto Nong]:   Loading Auto Nong index from url: https://cdn.jsdelivr.net/gh/FlafyDev/auto-nong-indexes@dist/official.json.gz
13:27:01 INFO  [Main] [Auto Nong]:   Loading Auto Nong index from url: https://cdn.jsdelivr.net/gh/FlafyDev/auto-nong-indexes@dist/sfh-rooot.json.gz
13:27:01 INFO  [Main] [Auto Nong]:   Loading Auto Nong index from url: https://cdn.jsdelivr.net/gh/FlafyDev/auto-nong-indexes@dist/sfh-yt.json.gz
13:27:01 INFO  [Main] [Geode]: Took 0.353s
13:27:01 INFO  [Main] [Geode]: Continuing mod graph refresh...
13:27:01 DEBUG [Main] [Geode]:   Loading mods
13:27:01 DEBUG [Main] [Geode]:     flafy.autonong v0.2.0
13:27:01 INFO  [Main] [Geode]: Took 0.042s
13:27:01 INFO  [Main] [Geode]: Continuing mod graph refresh...
13:27:01 DEBUG [Main] [Geode]:   Loading mods
13:27:01 DEBUG [Main] [Geode]:     dankmeme.globed2 v1.4.0 has unresolved dependencies
13:27:01 INFO  [Main] [Auto Nong]: event for index https://cdn.jsdelivr.net/gh/FlafyDev/auto-nong-indexes@dist/official.json.gz
13:27:01 INFO  [Main] [Auto Nong]: event for index https://cdn.jsdelivr.net/gh/FlafyDev/auto-nong-indexes@dist/sfh-rooot.json.gz
13:27:01 INFO  [Main] [Auto Nong]: event for index https://cdn.jsdelivr.net/gh/FlafyDev/auto-nong-indexes@dist/sfh-yt.json.gz
13:27:01 INFO  [Main] [Auto Nong]: event for index https://cdn.jsdelivr.net/gh/FlafyDev/auto-nong-indexes@dist/sfh-rooot.json.gz
13:27:01 INFO  [Main] [Auto Nong]: event for index https://cdn.jsdelivr.net/gh/FlafyDev/auto-nong-indexes@dist/official.json.gz
13:27:01 INFO  [Main] [Auto Nong]: event for index https://cdn.jsdelivr.net/gh/FlafyDev/auto-nong-indexes@dist/sfh-yt.json.gz
13:27:01 INFO  [Main] [Auto Nong]: event for index https://cdn.jsdelivr.net/gh/FlafyDev/auto-nong-indexes@dist/sfh-rooot.json.gz
13:27:01 INFO  [Main] [Auto Nong]: event for index https://cdn.jsdelivr.net/gh/FlafyDev/auto-nong-indexes@dist/official.json.gz
13:27:01 INFO  [Main] [Auto Nong]: event for index https://cdn.jsdelivr.net/gh/FlafyDev/auto-nong-indexes@dist/sfh-yt.json.gz
13:27:01 INFO  [Main] [Auto Nong]: event for index https://cdn.jsdelivr.net/gh/FlafyDev/auto-nong-indexes@dist/sfh-rooot.json.gz
13:27:01 INFO  [Main] [Auto Nong]: event for index https://cdn.jsdelivr.net/gh/FlafyDev/auto-nong-indexes@dist/official.json.gz
13:27:01 INFO  [Main] [Auto Nong]: event for index https://cdn.jsdelivr.net/gh/FlafyDev/auto-nong-indexes@dist/sfh-yt.json.gz
13:27:01 INFO  [Main] [Auto Nong]: event for index https://cdn.jsdelivr.net/gh/FlafyDev/auto-nong-indexes@dist/sfh-rooot.json.gz
13:27:01 INFO  [Main] [Auto Nong]: event for index https://cdn.jsdelivr.net/gh/FlafyDev/auto-nong-indexes@dist/official.json.gz
13:27:01 INFO  [Main] [Auto Nong]: event for index https://cdn.jsdelivr.net/gh/FlafyDev/auto-nong-indexes@dist/sfh-yt.json.gz
13:27:01 INFO  [Main] [Auto Nong]: event for index https://cdn.jsdelivr.net/gh/FlafyDev/auto-nong-indexes@dist/official.json.gz
13:27:01 INFO  [Main] [Auto Nong]: event for index https://cdn.jsdelivr.net/gh/FlafyDev/auto-nong-indexes@dist/sfh-rooot.json.gz
13:27:01 INFO  [Main] [Auto Nong]: event for index https://cdn.jsdelivr.net/gh/FlafyDev/auto-nong-indexes@dist/sfh-yt.json.gz
13:27:01 INFO  [Main] [Geode]: Took 0.016s
13:27:01 INFO  [Main] [Geode]: Continuing mod graph refresh...
13:27:01 DEBUG [Main] [Geode]:   Loading mods
13:27:01 DEBUG [Main] [Geode]:     geode.custom-keybinds v1.6.0
13:27:01 INFO  [Main] [Auto Nong]: event for index https://cdn.jsdelivr.net/gh/FlafyDev/auto-nong-indexes@dist/official.json.gz
13:27:01 INFO  [Main] [Auto Nong]: event for index https://cdn.jsdelivr.net/gh/FlafyDev/auto-nong-indexes@dist/sfh-rooot.json.gz
13:27:01 INFO  [Main] [Auto Nong]: event for index https://cdn.jsdelivr.net/gh/FlafyDev/auto-nong-indexes@dist/sfh-yt.json.gz
13:27:01 DEBUG [Mod Unzip] [Geode]:  Unzip
13:27:01 DEBUG [Mod Unzip] [Geode]:  Same hash detected, skipping unzip
13:27:01 DEBUG [Main] [Geode]:       Load
13:27:01 DEBUG [Main] [Geode]:       Loading binary for mod geode.custom-keybinds
13:27:01 DEBUG [Main] [Geode]:       Enabled AppDelegate::applicationWillEnterForeground hook at 0x7ff7dcba17a0 for geode.custom-keybinds
13:27:01 DEBUG [Main] [Geode]:       Enabled EditorPauseLayer::customSetup hook at 0x7ff7dcbf6d50 for geode.custom-keybinds
13:27:01 DEBUG [Main] [Geode]:       Enabled EditorPauseLayer::keyDown hook at 0x7ff7dcbfac90 for geode.custom-keybinds
13:27:01 DEBUG [Main] [Geode]:       Enabled EditorUI::init hook at 0x7ff7dcbfba20 for geode.custom-keybinds
13:27:01 DEBUG [Main] [Geode]:       Enabled EditorUI::keyDown hook at 0x7ff7dcc41300 for geode.custom-keybinds
13:27:01 DEBUG [Main] [Geode]:       Enabled EditorUI::keyUp hook at 0x7ff7dcc42590 for geode.custom-keybinds
13:27:01 DEBUG [Main] [Geode]:       Enabled EditorUI::moveObjectCall hook at 0x7ff7dcc3bb90 for geode.custom-keybinds
13:27:01 DEBUG [Main] [Geode]:       Enabled EditorUI::transformObjectCall hook at 0x7ff7dcc3c340 for geode.custom-keybinds
13:27:01 DEBUG [Main] [Geode]:       Enabled PauseLayer::customSetup hook at 0x7ff7dce7abc0 for geode.custom-keybinds
13:27:01 DEBUG [Main] [Geode]:       Enabled PauseLayer::keyDown hook at 0x7ff7dce7cec0 for geode.custom-keybinds
13:27:01 DEBUG [Main] [Geode]:       Enabled UILayer::init hook at 0x7ff7dcfbfe60 for geode.custom-keybinds
13:27:01 DEBUG [Main] [Geode]:       Enabled UILayer::keyDown hook at 0x7ff7dcfc1220 for geode.custom-keybinds
13:27:01 DEBUG [Main] [Geode]:       Enabled UILayer::keyUp hook at 0x7ff7dcfc1230 for geode.custom-keybinds
13:27:01 DEBUG [Main] [Geode]:       Enabled cocos2d::CCEGLView::onGLFWKeyCallback hook at 0x7ffb43895dc0 for geode.custom-keybinds
13:27:01 DEBUG [Main] [Geode]:       Enabled cocos2d::CCKeyboardDispatcher::dispatchKeyboardMSG hook at 0x7ffb43864500 for geode.custom-keybinds
13:27:01 DEBUG [Main] [Geode]:       Enabled cocos2d::CCKeyboardDispatcher::updateModifierKeys hook at 0x7ffb43865160 for geode.custom-keybinds
13:27:01 DEBUG [Main] [Geode]:       Enabled MoreOptionsLayer::onKeybindings hook at 0x7ff7dcbf9640 for geode.custom-keybinds
13:27:01 INFO  [Main] [Geode]: Took 0.174s
13:27:01 INFO  [Main] [Geode]: Continuing mod graph refresh...
13:27:01 DEBUG [Main] [Geode]:   Loading mods
13:27:01 DEBUG [Main] [Geode]:     syzzi.click_between_frames v1.1.15
13:27:01 DEBUG [Mod Unzip] [Geode]:  Unzip
13:27:01 INFO  [Main] [Auto Nong]: event for index https://cdn.jsdelivr.net/gh/FlafyDev/auto-nong-indexes@dist/sfh-rooot.json.gz
13:27:01 INFO  [Main] [Auto Nong]: event for index https://cdn.jsdelivr.net/gh/FlafyDev/auto-nong-indexes@dist/official.json.gz
13:27:01 INFO  [Main] [Auto Nong]: event for index https://cdn.jsdelivr.net/gh/FlafyDev/auto-nong-indexes@dist/sfh-rooot.json.gz
13:27:01 INFO  [Main] [Auto Nong]: event for index https://cdn.jsdelivr.net/gh/FlafyDev/auto-nong-indexes@dist/sfh-rooot.json.gz
13:27:01 INFO  [Main] [Auto Nong]: event for index https://cdn.jsdelivr.net/gh/FlafyDev/auto-nong-indexes@dist/sfh-rooot.json.gz
13:27:01 INFO  [Main] [Auto Nong]: event for index https://cdn.jsdelivr.net/gh/FlafyDev/auto-nong-indexes@dist/sfh-rooot.json.gz
13:27:01 INFO  [Main] [Auto Nong]: event for index https://cdn.jsdelivr.net/gh/FlafyDev/auto-nong-indexes@dist/sfh-rooot.json.gz
13:27:01 INFO  [Main] [Auto Nong]: event for index https://cdn.jsdelivr.net/gh/FlafyDev/auto-nong-indexes@dist/sfh-rooot.json.gz
13:27:01 INFO  [Main] [Auto Nong]: event for index https://cdn.jsdelivr.net/gh/FlafyDev/auto-nong-indexes@dist/sfh-yt.json.gz
13:27:01 INFO  [Main] [Auto Nong]: event for index https://cdn.jsdelivr.net/gh/FlafyDev/auto-nong-indexes@dist/official.json.gz
13:27:01 INFO  [Main] [Auto Nong]: event for index https://cdn.jsdelivr.net/gh/FlafyDev/auto-nong-indexes@dist/official.json.gz
13:27:01 INFO  [Main] [Auto Nong]: event for index https://cdn.jsdelivr.net/gh/FlafyDev/auto-nong-indexes@dist/official.json.gz
13:27:01 INFO  [Main] [Auto Nong]: event for index https://cdn.jsdelivr.net/gh/FlafyDev/auto-nong-indexes@dist/official.json.gz
13:27:01 INFO  [Main] [Auto Nong]: event for index https://cdn.jsdelivr.net/gh/FlafyDev/auto-nong-indexes@dist/official.json.gz
13:27:01 INFO  [Main] [Auto Nong]: event for index https://cdn.jsdelivr.net/gh/FlafyDev/auto-nong-indexes@dist/official.json.gz
13:27:01 INFO  [Main] [Auto Nong]: event for index https://cdn.jsdelivr.net/gh/FlafyDev/auto-nong-indexes@dist/sfh-yt.json.gz
13:27:01 INFO  [Main] [Auto Nong]: event for index https://cdn.jsdelivr.net/gh/FlafyDev/auto-nong-indexes@dist/sfh-yt.json.gz
13:27:01 INFO  [Main] [Auto Nong]: event for index https://cdn.jsdelivr.net/gh/FlafyDev/auto-nong-indexes@dist/sfh-yt.json.gz
13:27:01 INFO  [Main] [Auto Nong]: event for index https://cdn.jsdelivr.net/gh/FlafyDev/auto-nong-indexes@dist/sfh-yt.json.gz
13:27:01 INFO  [Main] [Auto Nong]: event for index https://cdn.jsdelivr.net/gh/FlafyDev/auto-nong-indexes@dist/sfh-yt.json.gz
13:27:01 INFO  [Main] [Auto Nong]: event for index https://cdn.jsdelivr.net/gh/FlafyDev/auto-nong-indexes@dist/sfh-yt.json.gz
13:27:01 INFO  [Main] [Auto Nong]: event for index https://cdn.jsdelivr.net/gh/FlafyDev/auto-nong-indexes@dist/sfh-rooot.json.gz
13:27:01 INFO  [Main] [Auto Nong]: event for index https://cdn.jsdelivr.net/gh/FlafyDev/auto-nong-indexes@dist/sfh-rooot.json.gz
13:27:01 INFO  [Main] [Auto Nong]: event for index https://cdn.jsdelivr.net/gh/FlafyDev/auto-nong-indexes@dist/sfh-rooot.json.gz
13:27:01 INFO  [Main] [Auto Nong]: event for index https://cdn.jsdelivr.net/gh/FlafyDev/auto-nong-indexes@dist/sfh-rooot.json.gz
13:27:01 INFO  [Main] [Auto Nong]: event for index https://cdn.jsdelivr.net/gh/FlafyDev/auto-nong-indexes@dist/sfh-rooot.json.gz
13:27:01 INFO  [Main] [Auto Nong]: event for index https://cdn.jsdelivr.net/gh/FlafyDev/auto-nong-indexes@dist/sfh-rooot.json.gz
13:27:01 INFO  [Main] [Auto Nong]: event for index https://cdn.jsdelivr.net/gh/FlafyDev/auto-nong-indexes@dist/sfh-rooot.json.gz
13:27:01 INFO  [Main] [Auto Nong]: event for index https://cdn.jsdelivr.net/gh/FlafyDev/auto-nong-indexes@dist/sfh-rooot.json.gz
13:27:01 INFO  [Main] [Auto Nong]: event for index https://cdn.jsdelivr.net/gh/FlafyDev/auto-nong-indexes@dist/sfh-rooot.json.gz
13:27:01 INFO  [Main] [Auto Nong]: event for index https://cdn.jsdelivr.net/gh/FlafyDev/auto-nong-indexes@dist/sfh-rooot.json.gz
13:27:01 INFO  [Main] [Auto Nong]: event for index https://cdn.jsdelivr.net/gh/FlafyDev/auto-nong-indexes@dist/sfh-rooot.json.gz
13:27:01 INFO  [Main] [Auto Nong]: event for index https://cdn.jsdelivr.net/gh/FlafyDev/auto-nong-indexes@dist/sfh-rooot.json.gz
13:27:01 INFO  [Main] [Auto Nong]: event for index https://cdn.jsdelivr.net/gh/FlafyDev/auto-nong-indexes@dist/sfh-rooot.json.gz
13:27:01 INFO  [Main] [Auto Nong]: event for index https://cdn.jsdelivr.net/gh/FlafyDev/auto-nong-indexes@dist/sfh-rooot.json.gz
13:27:01 INFO  [Main] [Auto Nong]: event for index https://cdn.jsdelivr.net/gh/FlafyDev/auto-nong-indexes@dist/sfh-rooot.json.gz
13:27:01 INFO  [Main] [Auto Nong]: event for index https://cdn.jsdelivr.net/gh/FlafyDev/auto-nong-indexes@dist/sfh-rooot.json.gz
13:27:01 INFO  [Main] [Auto Nong]: event for index https://cdn.jsdelivr.net/gh/FlafyDev/auto-nong-indexes@dist/sfh-rooot.json.gz
13:27:01 INFO  [Main] [Auto Nong]: event for index https://cdn.jsdelivr.net/gh/FlafyDev/auto-nong-indexes@dist/sfh-rooot.json.gz
13:27:01 INFO  [Main] [Auto Nong]: event for index https://cdn.jsdelivr.net/gh/FlafyDev/auto-nong-indexes@dist/sfh-rooot.json.gz
13:27:01 INFO  [Main] [Auto Nong]: event for index https://cdn.jsdelivr.net/gh/FlafyDev/auto-nong-indexes@dist/sfh-rooot.json.gz
13:27:01 INFO  [Main] [Auto Nong]: event for index https://cdn.jsdelivr.net/gh/FlafyDev/auto-nong-indexes@dist/sfh-rooot.json.gz
13:27:01 INFO  [Main] [Auto Nong]: event for index https://cdn.jsdelivr.net/gh/FlafyDev/auto-nong-indexes@dist/sfh-rooot.json.gz
13:27:01 INFO  [Main] [Auto Nong]: event for index https://cdn.jsdelivr.net/gh/FlafyDev/auto-nong-indexes@dist/official.json.gz
13:27:01 INFO  [Main] [Auto Nong]: event for index https://cdn.jsdelivr.net/gh/FlafyDev/auto-nong-indexes@dist/official.json.gz
13:27:01 INFO  [Main] [Auto Nong]: event for index https://cdn.jsdelivr.net/gh/FlafyDev/auto-nong-indexes@dist/official.json.gz
13:27:01 INFO  [Main] [Auto Nong]: event for index https://cdn.jsdelivr.net/gh/FlafyDev/auto-nong-indexes@dist/official.json.gz
13:27:01 INFO  [Main] [Auto Nong]: event for index https://cdn.jsdelivr.net/gh/FlafyDev/auto-nong-indexes@dist/official.json.gz
13:27:01 INFO  [Main] [Auto Nong]: event for index https://cdn.jsdelivr.net/gh/FlafyDev/auto-nong-indexes@dist/official.json.gz
13:27:01 INFO  [Main] [Auto Nong]: event for index https://cdn.jsdelivr.net/gh/FlafyDev/auto-nong-indexes@dist/sfh-rooot.json.gz
13:27:01 INFO  [Main] [Auto Nong]: event for index https://cdn.jsdelivr.net/gh/FlafyDev/auto-nong-indexes@dist/sfh-rooot.json.gz
13:27:01 INFO  [Main] [Auto Nong]: event for index https://cdn.jsdelivr.net/gh/FlafyDev/auto-nong-indexes@dist/sfh-rooot.json.gz
13:27:01 INFO  [Main] [Auto Nong]: event for index https://cdn.jsdelivr.net/gh/FlafyDev/auto-nong-indexes@dist/sfh-rooot.json.gz
13:27:01 INFO  [Main] [Auto Nong]: event for index https://cdn.jsdelivr.net/gh/FlafyDev/auto-nong-indexes@dist/official.json.gz
13:27:01 DEBUG [Mod Unzip] [Geode]:  Same hash detected, skipping unzip
13:27:01 INFO  [Main] [Auto Nong]: event for index https://cdn.jsdelivr.net/gh/FlafyDev/auto-nong-indexes@dist/sfh-rooot.json.gz
13:27:01 INFO  [Main] [Auto Nong]: event for index https://cdn.jsdelivr.net/gh/FlafyDev/auto-nong-indexes@dist/sfh-rooot.json.gz
13:27:01 INFO  [Main] [Auto Nong]: event for index https://cdn.jsdelivr.net/gh/FlafyDev/auto-nong-indexes@dist/sfh-rooot.json.gz
13:27:01 INFO  [Main] [Auto Nong]: event for index https://cdn.jsdelivr.net/gh/FlafyDev/auto-nong-indexes@dist/sfh-rooot.json.gz
13:27:01 INFO  [Main] [Auto Nong]: event for index https://cdn.jsdelivr.net/gh/FlafyDev/auto-nong-indexes@dist/sfh-yt.json.gz
13:27:01 INFO  [Main] [Auto Nong]: event for index https://cdn.jsdelivr.net/gh/FlafyDev/auto-nong-indexes@dist/sfh-yt.json.gz
13:27:01 INFO  [Main] [Auto Nong]: event for index https://cdn.jsdelivr.net/gh/FlafyDev/auto-nong-indexes@dist/sfh-yt.json.gz
13:27:01 INFO  [Main] [Auto Nong]: event for index https://cdn.jsdelivr.net/gh/FlafyDev/auto-nong-indexes@dist/sfh-yt.json.gz
13:27:01 INFO  [Main] [Auto Nong]: event for index https://cdn.jsdelivr.net/gh/FlafyDev/auto-nong-indexes@dist/sfh-rooot.json.gz
13:27:01 INFO  [Main] [Auto Nong]: event for index https://cdn.jsdelivr.net/gh/FlafyDev/auto-nong-indexes@dist/sfh-rooot.json.gz
13:27:01 INFO  [Main] [Auto Nong]: event for index https://cdn.jsdelivr.net/gh/FlafyDev/auto-nong-indexes@dist/sfh-rooot.json.gz
13:27:01 INFO  [Main] [Auto Nong]: event for index https://cdn.jsdelivr.net/gh/FlafyDev/auto-nong-indexes@dist/sfh-rooot.json.gz
13:27:01 INFO  [Main] [Auto Nong]: event for index https://cdn.jsdelivr.net/gh/FlafyDev/auto-nong-indexes@dist/sfh-yt.json.gz
13:27:01 INFO  [Main] [Auto Nong]: event for index https://cdn.jsdelivr.net/gh/FlafyDev/auto-nong-indexes@dist/sfh-yt.json.gz
13:27:01 INFO  [Main] [Auto Nong]: event for index https://cdn.jsdelivr.net/gh/FlafyDev/auto-nong-indexes@dist/sfh-yt.json.gz
13:27:01 INFO  [Main] [Auto Nong]: event for index https://cdn.jsdelivr.net/gh/FlafyDev/auto-nong-indexes@dist/sfh-yt.json.gz
13:27:01 INFO  [Main] [Auto Nong]: event for index https://cdn.jsdelivr.net/gh/FlafyDev/auto-nong-indexes@dist/sfh-rooot.json.gz
13:27:01 INFO  [Main] [Auto Nong]: event for index https://cdn.jsdelivr.net/gh/FlafyDev/auto-nong-indexes@dist/sfh-rooot.json.gz
13:27:01 INFO  [Main] [Auto Nong]: event for index https://cdn.jsdelivr.net/gh/FlafyDev/auto-nong-indexes@dist/sfh-rooot.json.gz
13:27:01 INFO  [Main] [Auto Nong]: event for index https://cdn.jsdelivr.net/gh/FlafyDev/auto-nong-indexes@dist/sfh-rooot.json.gz
13:27:01 INFO  [Main] [Auto Nong]: event for index https://cdn.jsdelivr.net/gh/FlafyDev/auto-nong-indexes@dist/sfh-yt.json.gz
13:27:01 INFO  [Main] [Auto Nong]: event for index https://cdn.jsdelivr.net/gh/FlafyDev/auto-nong-indexes@dist/sfh-yt.json.gz
13:27:01 INFO  [Main] [Auto Nong]: event for index https://cdn.jsdelivr.net/gh/FlafyDev/auto-nong-indexes@dist/sfh-yt.json.gz
13:27:01 INFO  [Main] [Auto Nong]: event for index https://cdn.jsdelivr.net/gh/FlafyDev/auto-nong-indexes@dist/sfh-yt.json.gz
13:27:01 DEBUG [Main] [Geode]:       Load
13:27:01 DEBUG [Main] [Geode]:       Loading binary for mod syzzi.click_between_frames
13:27:02 DEBUG [Main] [Geode]:       Enabled PlayLayer::init hook at 0x7ff7dcea2890 for syzzi.click_between_frames
13:27:02 DEBUG [Main] [Geode]:       Enabled cocos2d::CCDirector::setDeltaTime hook at 0x7ffb438dce00 for syzzi.click_between_frames
13:27:02 DEBUG [Main] [Geode]:       Enabled GJBaseGameLayer::checkCollisions hook at 0x7ff7dcd24350 for syzzi.click_between_frames
13:27:02 DEBUG [Main] [Geode]:       Enabled GJBaseGameLayer::getModifiedDelta hook at 0x7ff7dcd47730 for syzzi.click_between_frames
13:27:02 DEBUG [Main] [Geode]:       Enabled GJBaseGameLayer::handleButton hook at 0x7ff7dcd438a0 for syzzi.click_between_frames
13:27:02 DEBUG [Main] [Geode]:       Enabled PlayerObject::update hook at 0x7ff7dce86ee0 for syzzi.click_between_frames
13:27:02 DEBUG [Main] [Geode]:       Enabled PlayerObject::updateRotation hook at 0x7ff7dce8f0b0 for syzzi.click_between_frames
13:27:02 DEBUG [Main] [Geode]:       Enabled EndLevelLayer::customSetup hook at 0x7ff7dcc4edf0 for syzzi.click_between_frames
13:27:02 INFO  [Main] [Auto Nong]: event for index https://cdn.jsdelivr.net/gh/FlafyDev/auto-nong-indexes@dist/sfh-yt.json.gz
13:27:02 INFO  [Main] [Auto Nong]: event for index https://cdn.jsdelivr.net/gh/FlafyDev/auto-nong-indexes@dist/sfh-yt.json.gz
13:27:02 INFO  [Main] [Auto Nong]: event for index https://cdn.jsdelivr.net/gh/FlafyDev/auto-nong-indexes@dist/sfh-yt.json.gz
13:27:02 INFO  [Main] [Auto Nong]: event for index https://cdn.jsdelivr.net/gh/FlafyDev/auto-nong-indexes@dist/sfh-yt.json.gz
13:27:02 INFO  [Main] [Auto Nong]: event for index https://cdn.jsdelivr.net/gh/FlafyDev/auto-nong-indexes@dist/sfh-yt.json.gz
13:27:02 INFO  [Main] [Auto Nong]: event for index https://cdn.jsdelivr.net/gh/FlafyDev/auto-nong-indexes@dist/sfh-yt.json.gz
13:27:02 INFO  [Main] [Auto Nong]: event for index https://cdn.jsdelivr.net/gh/FlafyDev/auto-nong-indexes@dist/sfh-yt.json.gz
13:27:02 INFO  [Main] [Auto Nong]: event for index https://cdn.jsdelivr.net/gh/FlafyDev/auto-nong-indexes@dist/sfh-yt.json.gz
13:27:02 INFO  [Main] [Auto Nong]: event for index https://cdn.jsdelivr.net/gh/FlafyDev/auto-nong-indexes@dist/sfh-yt.json.gz
13:27:02 INFO  [Main] [Auto Nong]: event for index https://cdn.jsdelivr.net/gh/FlafyDev/auto-nong-indexes@dist/sfh-yt.json.gz
13:27:02 INFO  [Main] [Auto Nong]: event for index https://cdn.jsdelivr.net/gh/FlafyDev/auto-nong-indexes@dist/sfh-yt.json.gz
13:27:02 INFO  [Main] [Auto Nong]: event for index https://cdn.jsdelivr.net/gh/FlafyDev/auto-nong-indexes@dist/sfh-yt.json.gz
13:27:02 INFO  [Main] [Auto Nong]: event for index https://cdn.jsdelivr.net/gh/FlafyDev/auto-nong-indexes@dist/sfh-yt.json.gz
13:27:02 INFO  [Main] [Auto Nong]: event for index https://cdn.jsdelivr.net/gh/FlafyDev/auto-nong-indexes@dist/sfh-yt.json.gz
13:27:02 INFO  [Main] [Auto Nong]: event for index https://cdn.jsdelivr.net/gh/FlafyDev/auto-nong-indexes@dist/sfh-yt.json.gz
13:27:02 INFO  [Main] [Auto Nong]: event for index https://cdn.jsdelivr.net/gh/FlafyDev/auto-nong-indexes@dist/sfh-yt.json.gz
13:27:02 INFO  [Main] [Auto Nong]: event for index https://cdn.jsdelivr.net/gh/FlafyDev/auto-nong-indexes@dist/sfh-yt.json.gz
13:27:02 INFO  [Main] [Auto Nong]: event for index https://cdn.jsdelivr.net/gh/FlafyDev/auto-nong-indexes@dist/sfh-yt.json.gz
13:27:02 INFO  [Main] [Geode]: Took 0.226s
13:27:02 INFO  [Main] [Geode]: Continuing mod graph refresh...
13:27:02 DEBUG [Main] [Geode]:   Loading mods
13:27:02 DEBUG [Main] [Geode]:     dankmeme.globed2 v1.4.0
13:27:02 INFO  [Main] [Auto Nong]: event for index https://cdn.jsdelivr.net/gh/FlafyDev/auto-nong-indexes@dist/sfh-yt.json.gz
13:27:02 INFO  [Main] [Auto Nong]: event for index https://cdn.jsdelivr.net/gh/FlafyDev/auto-nong-indexes@dist/sfh-yt.json.gz
13:27:02 INFO  [Main] [Auto Nong]: event for index https://cdn.jsdelivr.net/gh/FlafyDev/auto-nong-indexes@dist/sfh-yt.json.gz
13:27:02 INFO  [Main] [Auto Nong]: event for index https://cdn.jsdelivr.net/gh/FlafyDev/auto-nong-indexes@dist/sfh-yt.json.gz
13:27:02 INFO  [Main] [Auto Nong]: event for index https://cdn.jsdelivr.net/gh/FlafyDev/auto-nong-indexes@dist/sfh-yt.json.gz
13:27:02 INFO  [Main] [Auto Nong]: event for index https://cdn.jsdelivr.net/gh/FlafyDev/auto-nong-indexes@dist/sfh-yt.json.gz
13:27:02 DEBUG [Mod Unzip] [Geode]:  Unzip
13:27:02 INFO  [Main] [Auto Nong]: event for index https://cdn.jsdelivr.net/gh/FlafyDev/auto-nong-indexes@dist/sfh-yt.json.gz
13:27:02 INFO  [Main] [Auto Nong]: event for index https://cdn.jsdelivr.net/gh/FlafyDev/auto-nong-indexes@dist/sfh-yt.json.gz
13:27:02 INFO  [Main] [Auto Nong]: event for index https://cdn.jsdelivr.net/gh/FlafyDev/auto-nong-indexes@dist/sfh-rooot.json.gz
13:27:02 INFO  [Main] [Auto Nong]: event for index https://cdn.jsdelivr.net/gh/FlafyDev/auto-nong-indexes@dist/sfh-rooot.json.gz
13:27:02 INFO  [Main] [Auto Nong]: event for index https://cdn.jsdelivr.net/gh/FlafyDev/auto-nong-indexes@dist/sfh-rooot.json.gz
13:27:02 INFO  [Main] [Auto Nong]: event for index https://cdn.jsdelivr.net/gh/FlafyDev/auto-nong-indexes@dist/sfh-rooot.json.gz
13:27:02 INFO  [Main] [Auto Nong]: event for index https://cdn.jsdelivr.net/gh/FlafyDev/auto-nong-indexes@dist/sfh-rooot.json.gz
13:27:02 INFO  [Main] [Auto Nong]: event for index https://cdn.jsdelivr.net/gh/FlafyDev/auto-nong-indexes@dist/sfh-rooot.json.gz
13:27:02 INFO  [Main] [Auto Nong]: event for index https://cdn.jsdelivr.net/gh/FlafyDev/auto-nong-indexes@dist/sfh-rooot.json.gz
13:27:02 INFO  [Main] [Auto Nong]: event for index https://cdn.jsdelivr.net/gh/FlafyDev/auto-nong-indexes@dist/sfh-rooot.json.gz
13:27:02 INFO  [Main] [Auto Nong]: event for index https://cdn.jsdelivr.net/gh/FlafyDev/auto-nong-indexes@dist/sfh-rooot.json.gz
13:27:02 INFO  [Main] [Auto Nong]: event for index https://cdn.jsdelivr.net/gh/FlafyDev/auto-nong-indexes@dist/sfh-rooot.json.gz
13:27:02 INFO  [Main] [Auto Nong]: event for index https://cdn.jsdelivr.net/gh/FlafyDev/auto-nong-indexes@dist/sfh-rooot.json.gz
13:27:02 INFO  [Main] [Auto Nong]: event for index https://cdn.jsdelivr.net/gh/FlafyDev/auto-nong-indexes@dist/sfh-rooot.json.gz
13:27:02 INFO  [Main] [Auto Nong]: event for index https://cdn.jsdelivr.net/gh/FlafyDev/auto-nong-indexes@dist/sfh-rooot.json.gz
13:27:02 INFO  [Main] [Auto Nong]: event for index https://cdn.jsdelivr.net/gh/FlafyDev/auto-nong-indexes@dist/sfh-rooot.json.gz
13:27:02 INFO  [Main] [Auto Nong]: event for index https://cdn.jsdelivr.net/gh/FlafyDev/auto-nong-indexes@dist/sfh-rooot.json.gz
13:27:02 INFO  [Main] [Auto Nong]: event for index https://cdn.jsdelivr.net/gh/FlafyDev/auto-nong-indexes@dist/sfh-rooot.json.gz
13:27:02 INFO  [Main] [Auto Nong]: event for index https://cdn.jsdelivr.net/gh/FlafyDev/auto-nong-indexes@dist/sfh-rooot.json.gz
13:27:02 INFO  [Main] [Auto Nong]: event for index https://cdn.jsdelivr.net/gh/FlafyDev/auto-nong-indexes@dist/sfh-rooot.json.gz
13:27:02 INFO  [Main] [Auto Nong]: event for index https://cdn.jsdelivr.net/gh/FlafyDev/auto-nong-indexes@dist/sfh-rooot.json.gz
13:27:02 INFO  [Main] [Auto Nong]: event for index https://cdn.jsdelivr.net/gh/FlafyDev/auto-nong-indexes@dist/sfh-rooot.json.gz
13:27:02 INFO  [Main] [Auto Nong]: event for index https://cdn.jsdelivr.net/gh/FlafyDev/auto-nong-indexes@dist/sfh-rooot.json.gz
13:27:02 INFO  [Main] [Auto Nong]: event for index https://cdn.jsdelivr.net/gh/FlafyDev/auto-nong-indexes@dist/sfh-rooot.json.gz
13:27:02 INFO  [Main] [Auto Nong]: event for index https://cdn.jsdelivr.net/gh/FlafyDev/auto-nong-indexes@dist/sfh-rooot.json.gz
13:27:02 INFO  [Main] [Auto Nong]: event for index https://cdn.jsdelivr.net/gh/FlafyDev/auto-nong-indexes@dist/sfh-rooot.json.gz
13:27:02 INFO  [Main] [Auto Nong]: event for index https://cdn.jsdelivr.net/gh/FlafyDev/auto-nong-indexes@dist/sfh-rooot.json.gz
13:27:02 INFO  [Main] [Auto Nong]: event for index https://cdn.jsdelivr.net/gh/FlafyDev/auto-nong-indexes@dist/sfh-rooot.json.gz
13:27:02 INFO  [Main] [Auto Nong]: event for index https://cdn.jsdelivr.net/gh/FlafyDev/auto-nong-indexes@dist/sfh-yt.json.gz
13:27:02 INFO  [Main] [Auto Nong]: event for index https://cdn.jsdelivr.net/gh/FlafyDev/auto-nong-indexes@dist/sfh-yt.json.gz
13:27:02 INFO  [Main] [Auto Nong]: event for index https://cdn.jsdelivr.net/gh/FlafyDev/auto-nong-indexes@dist/sfh-yt.json.gz
13:27:02 INFO  [Main] [Auto Nong]: event for index https://cdn.jsdelivr.net/gh/FlafyDev/auto-nong-indexes@dist/sfh-yt.json.gz
13:27:02 INFO  [Main] [Auto Nong]: event for index https://cdn.jsdelivr.net/gh/FlafyDev/auto-nong-indexes@dist/sfh-yt.json.gz
13:27:02 INFO  [Main] [Auto Nong]: event for index https://cdn.jsdelivr.net/gh/FlafyDev/auto-nong-indexes@dist/sfh-yt.json.gz
13:27:02 INFO  [Main] [Auto Nong]: event for index https://cdn.jsdelivr.net/gh/FlafyDev/auto-nong-indexes@dist/sfh-yt.json.gz
13:27:02 INFO  [Main] [Auto Nong]: event for index https://cdn.jsdelivr.net/gh/FlafyDev/auto-nong-indexes@dist/sfh-yt.json.gz
13:27:02 INFO  [Main] [Auto Nong]: event for index https://cdn.jsdelivr.net/gh/FlafyDev/auto-nong-indexes@dist/sfh-rooot.json.gz
13:27:02 DEBUG [Mod Unzip] [Geode]:  Same hash detected, skipping unzip
13:27:02 INFO  [Main] [Auto Nong]: event for index https://cdn.jsdelivr.net/gh/FlafyDev/auto-nong-indexes@dist/sfh-yt.json.gz
13:27:02 INFO  [Main] [Auto Nong]: event for index https://cdn.jsdelivr.net/gh/FlafyDev/auto-nong-indexes@dist/sfh-yt.json.gz
13:27:02 INFO  [Main] [Auto Nong]: event for index https://cdn.jsdelivr.net/gh/FlafyDev/auto-nong-indexes@dist/sfh-yt.json.gz
13:27:02 INFO  [Main] [Auto Nong]: event for index https://cdn.jsdelivr.net/gh/FlafyDev/auto-nong-indexes@dist/sfh-yt.json.gz
13:27:02 INFO  [Main] [Auto Nong]: event for index https://cdn.jsdelivr.net/gh/FlafyDev/auto-nong-indexes@dist/sfh-yt.json.gz
13:27:02 DEBUG [Main] [Geode]:       Load
13:27:02 DEBUG [Main] [Geode]:       Loading binary for mod dankmeme.globed2
13:27:02 DEBUG [Main] [Geode]:       Enabled PlayerObject::incrementJumps hook at 0x7ff7dce8acd0 for dankmeme.globed2
13:27:02 DEBUG [Main] [Geode]:       Enabled PlayerObject::playDeathEffect hook at 0x7ff7dce7d0c0 for dankmeme.globed2
13:27:02 DEBUG [Main] [Geode]:       Enabled PlayerObject::incrementJumps hook at 0x7ff7dce8acd0 for dankmeme.globed2
13:27:02 DEBUG [Main] [Geode]:       Enabled PlayerObject::playSpiderDashEffect hook at 0x7ff7dce93200 for dankmeme.globed2
13:27:02 DEBUG [Main] [Geode]:       Enabled PlayerObject::update hook at 0x7ff7dce86ee0 for dankmeme.globed2
13:27:02 DEBUG [Main] [Geode]:       Enabled GJBaseGameLayer::checkCollisions hook at 0x7ff7dcd24350 for dankmeme.globed2
13:27:02 DEBUG [Main] [Geode]:       Enabled GJBaseGameLayer::init hook at 0x7ff7dcd17dd0 for dankmeme.globed2
13:27:02 DEBUG [Main] [Geode]:       Enabled GJBaseGameLayer::loadLevelSettings hook at 0x7ff7dcd49e30 for dankmeme.globed2
13:27:02 DEBUG [Main] [Geode]:       Enabled PauseLayer::customSetup hook at 0x7ff7dce7abc0 for dankmeme.globed2
13:27:02 DEBUG [Main] [Geode]:       Enabled PauseLayer::goEdit hook at 0x7ff7dce7cac0 for dankmeme.globed2
13:27:02 DEBUG [Main] [Geode]:       Enabled PauseLayer::onEdit hook at 0x7ff7dce7c8f0 for dankmeme.globed2
13:27:02 DEBUG [Main] [Geode]:       Enabled PauseLayer::onNormalMode hook at 0x7ff7dce7c640 for dankmeme.globed2
13:27:02 DEBUG [Main] [Geode]:       Enabled PauseLayer::onPracticeMode hook at 0x7ff7dce7c560 for dankmeme.globed2
13:27:02 DEBUG [Main] [Geode]:       Enabled PauseLayer::onQuit hook at 0x7ff7dce7cd70 for dankmeme.globed2
13:27:02 DEBUG [Main] [Geode]:       Enabled PauseLayer::onRestart hook at 0x7ff7dce7c7b0 for dankmeme.globed2
13:27:02 DEBUG [Main] [Geode]:       Enabled PauseLayer::onRestartFull hook at 0x7ff7dce7c850 for dankmeme.globed2
13:27:02 DEBUG [Main] [Geode]:       Enabled PauseLayer::onResume hook at 0x7ff7dce7c720 for dankmeme.globed2
13:27:02 DEBUG [Main] [Geode]:       Enabled PauseLayer::customSetup hook at 0x7ff7dce7abc0 for dankmeme.globed2
13:27:02 DEBUG [Main] [Geode]:       Enabled EditorPauseLayer::onSaveAndPlay hook at 0x7ff7dcbfa5a0 for dankmeme.globed2
13:27:02 DEBUG [Main] [Geode]:       Enabled FLAlertLayer::keyBackClicked hook at 0x7ff7dcb71a00 for dankmeme.globed2
13:27:02 DEBUG [Main] [Geode]:       Enabled GameManager::loadIcon hook at 0x7ff7dcc98e70 for dankmeme.globed2
13:27:02 DEBUG [Main] [Geode]:       Enabled GameManager::reloadAllStep2 hook at 0x7ff7dcca0850 for dankmeme.globed2
13:27:02 DEBUG [Main] [Geode]:       Enabled GameManager::returnToLastScene hook at 0x7ff7dcca0350 for dankmeme.globed2
13:27:02 DEBUG [Main] [Geode]:       Enabled LevelEditorLayer::init hook at 0x7ff7dcdde440 for dankmeme.globed2
13:27:02 DEBUG [Main] [Geode]:       Enabled GJGameLevel::savePercentage hook at 0x7ff7dcc84540 for dankmeme.globed2
13:27:02 DEBUG [Main] [Geode]:       Enabled PlayLayer::destroyPlayer hook at 0x7ff7dceb05a0 for dankmeme.globed2
13:27:02 DEBUG [Main] [Geode]:       Enabled PlayLayer::fullReset hook at 0x7ff7dceb5600 for dankmeme.globed2
13:27:02 DEBUG [Main] [Geode]:       Enabled PlayLayer::init hook at 0x7ff7dcea2890 for dankmeme.globed2
13:27:02 DEBUG [Main] [Geode]:       Enabled PlayLayer::levelComplete hook at 0x7ff7dcea4850 for dankmeme.globed2
13:27:02 DEBUG [Main] [Geode]:       Enabled PlayLayer::onQuit hook at 0x7ff7dceb7540 for dankmeme.globed2
13:27:02 DEBUG [Main] [Geode]:       Enabled PlayLayer::resetLevel hook at 0x7ff7dceb58b0 for dankmeme.globed2
13:27:02 DEBUG [Main] [Geode]:       Enabled PlayLayer::setupHasCompleted hook at 0x7ff7dcea35e0 for dankmeme.globed2
13:27:02 DEBUG [Main] [Geode]:       Enabled PlayLayer::showNewBest hook at 0x7ff7dcea60c0 for dankmeme.globed2
13:27:02 DEBUG [Main] [Geode]:       Enabled PlayerObject::update hook at 0x7ff7dce86ee0 for dankmeme.globed2
13:27:02 DEBUG [Main] [Geode]:       Enabled LevelAreaInnerLayer::init hook at 0x7ff7dcdd3200 for dankmeme.globed2
13:27:02 DEBUG [Main] [Geode]:       Enabled LevelAreaInnerLayer::onBack hook at 0x7ff7dcdd5260 for dankmeme.globed2
13:27:02 DEBUG [Main] [Geode]:       Enabled LevelAreaInnerLayer::onDoor hook at 0x7ff7dcdd4f70 for dankmeme.globed2
13:27:02 DEBUG [Main] [Geode]:       Enabled LevelBrowserLayer::setupLevelBrowser hook at 0x7ff7dcdd8440 for dankmeme.globed2
13:27:02 DEBUG [Main] [Geode]:       Enabled LevelInfoLayer::onPlay hook at 0x7ff7dcdfc520 for dankmeme.globed2
13:27:02 DEBUG [Main] [Geode]:       Enabled LevelInfoLayer::tryCloneLevel hook at 0x7ff7dcdfd4f0 for dankmeme.globed2
13:27:02 DEBUG [Main] [Geode]:       Enabled LevelSelectLayer::init hook at 0x7ff7dce17d60 for dankmeme.globed2
13:27:02 DEBUG [Main] [Geode]:       Enabled LevelSelectLayer::updatePageWithObject hook at 0x7ff7dce18b50 for dankmeme.globed2
13:27:02 DEBUG [Main] [Geode]:       Enabled MenuLayer::init hook at 0x7ff7dce330f0 for dankmeme.globed2
13:27:02 INFO  [Main] [Geode]: Took 0.478s
13:27:02 INFO  [Main] [Geode]: Continuing mod graph refresh...
13:27:02 DEBUG [Main] [Geode]:   Loading mods
13:27:02 DEBUG [Main] [Geode]:     itzkiba.better_progression v1.2.1
13:27:02 INFO  [Main] [Geode]: Took 0.016s
13:27:02 INFO  [Main] [Geode]: Continuing mod graph refresh...
13:27:02 DEBUG [Main] [Geode]:   Loading mods
13:27:02 DEBUG [Main] [Geode]:     TheSillyDoggo.StartposSwitcher v1.1.2
13:27:02 ERROR [Main] [Geode]:       This mod was created for a different version of Geometry Dash (2.204). You currently have version 2.206.
13:27:02 INFO  [Main] [Geode]: Took 0.015s
13:27:02 INFO  [Main] [Geode]: Continuing mod graph refresh...
13:27:02 DEBUG [Main] [Geode]:   Loading mods
13:27:02 DEBUG [Main] [Geode]:     syzzi.click_between_frames v1.1.15
13:27:02 INFO  [Main] [Geode]: Took 0.015s
13:27:02 INFO  [Main] [Geode]: Continuing mod graph refresh...
13:27:02 DEBUG [Main] [Geode]:   Loading mods
13:27:02 DEBUG [Main] [Geode]:     zilko.custom_labels v1.1.0
13:27:02 ERROR [Main] [Geode]:       This mod was created for a different version of Geometry Dash (2.204). You currently have version 2.206.
13:27:02 INFO  [Main] [Geode]: Took 0.017s
13:27:02 INFO  [Main] [Geode]: Continuing mod graph refresh...
13:27:02 DEBUG [Main] [Geode]:   Finding problems
13:27:02 DEBUG [Main] [Geode]:     geode.loader
13:27:02 DEBUG [Main] [Geode]:     alphalaneous.deathlink
13:27:02 DEBUG [Main] [Geode]:     fleym.nongd
13:27:02 DEBUG [Main] [Geode]:     tpdea.betterpause-Better
13:27:02 DEBUG [Main] [Geode]:     flafy.autonong
13:27:02 DEBUG [Main] [Geode]:     dankmeme.globed2
13:27:02 DEBUG [Main] [Geode]:     cvolton.betterinfo
13:27:02 DEBUG [Main] [Geode]:     cvolton.misc_bugfixes
13:27:02 DEBUG [Main] [Geode]:     egg.icon_hack
13:27:02 DEBUG [Main] [Geode]:     geode.custom-keybinds
13:27:02 DEBUG [Main] [Geode]:     geode.node-ids
13:27:02 DEBUG [Main] [Geode]:     geode.texture-loader
13:27:02 DEBUG [Main] [Geode]:     itzkiba.better_progression
13:27:02 DEBUG [Main] [Geode]:     TheSillyDoggo.StartposSwitcher
13:27:02 DEBUG [Main] [Geode]:     syzzi.click_between_frames
13:27:02 DEBUG [Main] [Geode]:     zilko.custom_labels
13:27:02 INFO  [Main] [Geode]:   Took 0.002s
13:27:02 DEBUG [Main] [Geode]: Verifying Loader Resources
13:27:02 DEBUG [Main] [Geode]: Loading Loader Resources
13:27:02 DEBUG [Main] [Geode]: Loading mod resources
13:27:02 DEBUG [Main] [Geode]: Adding resources
13:27:02 DEBUG [Main] [Geode]:   geode.loader
13:27:02 DEBUG [Main] [Geode]:     Adding sheet geode.loader/LogoSheet
13:27:02 DEBUG [Main] [Geode]:     Adding sheet geode.loader/APISheet
13:27:02 DEBUG [Main] [Geode]:     Adding sheet geode.loader/BlankSheet
13:27:02 DEBUG [Main] [Geode]:   dankmeme.globed2
13:27:02 DEBUG [Main] [Geode]:     Adding sheet dankmeme.globed2/globedsheet1
13:27:03 DEBUG [Main] [Geode]:   cvolton.betterinfo
13:27:03 DEBUG [Main] [Geode]:     Adding sheet cvolton.betterinfo/SearchButtons-410
13:27:03 DEBUG [Main] [Geode]:   geode.custom-keybinds
13:27:03 DEBUG [Main] [Geode]:     Adding sheet geode.custom-keybinds/KB_ControllerSheet
13:27:03 DEBUG [Main] [Geode]:   itzkiba.better_progression
13:27:03 DEBUG [Main] [Geode]:     Adding sheet itzkiba.better_progression/badgeSpritesheet
13:27:05 DEBUG [stderr]: libpng warning: iCCP: known incorrect sRGB profile
13:27:06 DEBUG [stderr]: libpng warning: iCCP: known incorrect sRGB profile
13:27:06 DEBUG [stderr]: libpng warning: iCCP: known incorrect sRGB profile
13:27:06 DEBUG [stderr]: libpng warning: iCCP: known incorrect sRGB profile
13:27:06 DEBUG [stderr]: libpng warning: iCCP: known incorrect sRGB profile
13:27:06 INFO  [Main] [Globed]: preloading assets
13:27:06 DEBUG [Main] [Globed]: preloadAssets stage: 0
13:27:06 DEBUG [Main] [Globed]: initialized preload state in 11.626ms
13:27:06 DEBUG [Main] [Globed]: texture quality: Medium
13:27:06 DEBUG [Main] [Globed]: texture packs: 0
13:27:06 DEBUG [Main] [Globed]: game resources path (3): E:\SteamLibrary\steamapps\common\Geometry Dash\Resources/
13:27:06 DEBUG [Main] [Globed]: preload: preparing 19 textures
13:27:06 DEBUG [Main] [Globed]: preload: loading images (19 total)
13:27:06 DEBUG [Main] [Globed]: preload: initializing gl textures
13:27:07 DEBUG [Main] [Globed]: preload: initialized textures, adding sprite frames
13:27:07 DEBUG [Main] [Globed]: preload: initialized sprite frames. done.
13:27:07 DEBUG [Main] [Globed]: preloadAssets stage: 1
13:27:07 DEBUG [Main] [Globed]: preload: preparing 485 textures
13:27:07 DEBUG [Main] [Globed]: preload: loading images (485 total)
13:27:07 DEBUG [Main] [Globed]: preload: initializing gl textures
13:27:10 DEBUG [Main] [Globed]: preload: initialized textures, adding sprite frames
13:27:14 DEBUG [Main] [Globed]: preload: initialized sprite frames. done.
13:27:16 DEBUG [Main] [Globed]: preloadAssets stage: 2
13:27:16 DEBUG [Main] [Globed]: preload: preparing 168 textures
13:27:16 DEBUG [Main] [Globed]: preload: loading images (168 total)
13:27:16 DEBUG [Main] [Globed]: preload: initializing gl textures
13:27:17 DEBUG [Main] [Globed]: preload: initialized textures, adding sprite frames
13:27:19 DEBUG [Main] [Globed]: preload: initialized sprite frames. done.
13:27:19 DEBUG [Main] [Globed]: preloadAssets stage: 3
13:27:19 DEBUG [Main] [Globed]: preload: preparing 119 textures
13:27:19 DEBUG [Main] [Globed]: preload: loading images (119 total)
13:27:19 DEBUG [Main] [Globed]: preload: initializing gl textures
13:27:19 DEBUG [Main] [Globed]: preload: initialized textures, adding sprite frames
13:27:20 DEBUG [Main] [Globed]: preload: initialized sprite frames. done.
13:27:20 DEBUG [Main] [Globed]: preloadAssets stage: 4
13:27:20 DEBUG [Main] [Globed]: preload: preparing 149 textures
13:27:20 DEBUG [Main] [Globed]: preload: loading images (149 total)
13:27:20 DEBUG [Main] [Globed]: preload: initializing gl textures
13:27:21 DEBUG [Main] [Globed]: preload: initialized textures, adding sprite frames
13:27:22 DEBUG [Main] [Globed]: preload: initialized sprite frames. done.
13:27:22 DEBUG [Main] [Globed]: preloadAssets stage: 5
13:27:22 DEBUG [Main] [Globed]: preload: preparing 96 textures
13:27:23 DEBUG [Main] [Globed]: preload: loading images (96 total)
13:27:23 DEBUG [Main] [Globed]: preload: initializing gl textures
13:27:23 DEBUG [Main] [Globed]: preload: initialized textures, adding sprite frames
13:27:24 DEBUG [Main] [Globed]: preload: initialized sprite frames. done.
13:27:24 DEBUG [Main] [Globed]: preloadAssets stage: 6
13:27:24 DEBUG [Main] [Globed]: preload: preparing 185 textures
13:27:24 DEBUG [Main] [Globed]: preload: loading images (185 total)
13:27:24 DEBUG [Main] [Globed]: preload: initializing gl textures
13:27:25 DEBUG [Main] [Globed]: preload: initialized textures, adding sprite frames
13:27:26 DEBUG [Main] [Globed]: preload: initialized sprite frames. done.
13:27:26 INFO  [Main] [Globed]: Asset preloading finished in 20.85s.
13:27:27 DEBUG [stderr]: libpng warning: iCCP: known incorrect sRGB profile
13:27:27 DEBUG [stderr]: libpng warning: iCCP: cHRM chunk does not match sRGB
13:27:27 DEBUG [stderr]: libpng warning: iCCP: known incorrect sRGB profile
13:27:27 DEBUG [stderr]: libpng warning: iCCP: known incorrect sRGB profile
13:27:27 DEBUG [stderr]: libpng warning: iCCP: known incorrect sRGB profile
13:27:27 ERROR [Main] [Geode]: Mod ID 'tpdea.betterpause-Better' will be rejected in the future - IDs must match the regex `[a-z0-9\-_]+\.[a-z0-9\-_]+`
13:27:27 ERROR [Main] [Geode]: Mod ID 'TheSillyDoggo.StartposSwitcher' will be rejected in the future - IDs must match the regex `[a-z0-9\-_]+\.[a-z0-9\-_]+`
13:27:27 INFO  [Main] [Misc Bugfixes]: Fetching important notices from: https://geometrydash.eu/mods/miscbugfixes/_api/importantNotices/?platform=Windows&version=v1.2.0-beta.1&loader=v3.0.0&wine=&os=Windows%2010.0.19045
13:27:27 DEBUG [Main] [Misc Bugfixes]: Loading song browser lag fix
13:27:27 DEBUG [Thread #18724] [Misc Bugfixes]: Started populating downloaded songs cache
13:27:27 INFO  [Main] [Misc Bugfixes]: Adjusted collected orbs by: 0 (134019 -> 134019)
13:27:27 DEBUG [stderr]: libpng warning: iCCP: known incorrect sRGB profile
13:27:27 DEBUG [Thread #18724] [Misc Bugfixes]: Finished populating downloaded songs cache
13:27:27 DEBUG [BI Manager Loader II] [BetterInfo]: Caching 2 rated and 150 unrated levels
13:27:27 DEBUG [BI Manager Loader II] [BetterInfo]: Caching 0 rated and 0 unrated levels
13:27:27 INFO  [Main] [Geode]: Found updates for mods: ["cvolton.betterinfo", "geode.custom-keybinds"]!
13:27:27 INFO  [Main] [Better Progression]: Creator Points from request: 0
13:27:28 DEBUG [Network Thread (out)] [Globed]: tcp connection successful, sending the handshake
13:27:28 INFO  [Main] [Misc Bugfixes]: Checking if v3.0.0 is older than v3.2.0
13:27:28 ERROR [Main] [Geode]: Mod ID 'tpdea.betterpause-Better' will be rejected in the future - IDs must match the regex `[a-z0-9\-_]+\.[a-z0-9\-_]+`
13:27:28 ERROR [Main] [Geode]: Mod ID 'TheSillyDoggo.StartposSwitcher' will be rejected in the future - IDs must match the regex `[a-z0-9\-_]+\.[a-z0-9\-_]+`
13:27:28 WARN  [Network Thread (in)] [Globed]: Failed to connect because of protocol mismatch. Server: 10, client: 6
13:27:28 DEBUG [Main] [BetterInfo]: Finished caching levels
13:27:30 DEBUG [Main] [BetterInfo]: Finished caching levels
13:27:31 DEBUG [stderr]: libpng warning: iCCP: known incorrect sRGB profile
13:27:31 DEBUG [stderr]: libpng warning: iCCP: known incorrect sRGB profile
13:27:31 DEBUG [stderr]: libpng warning: iCCP: known incorrect sRGB profile
13:27:31 DEBUG [stderr]: libpng warning: Interlace handling should be turned on when using png_read_image
13:27:40 ERROR [Main] [Geode]: Mod ID 'tpdea.betterpause-Better' will be rejected in the future - IDs must match the regex `[a-z0-9\-_]+\.[a-z0-9\-_]+`
13:27:40 ERROR [Main] [Geode]: Mod ID 'TheSillyDoggo.StartposSwitcher' will be rejected in the future - IDs must match the regex `[a-z0-9\-_]+\.[a-z0-9\-_]+`
13:27:44 DEBUG [Main] [Globed]: initialized preload state in 6.86ms
13:27:44 DEBUG [Main] [Globed]: texture quality: Medium
13:27:44 DEBUG [Main] [Globed]: texture packs: 0
13:27:44 DEBUG [Main] [Globed]: game resources path (3): E:\SteamLibrary\steamapps\common\Geometry Dash\Resources/
13:27:45 DEBUG [stderr]: libpng warning: iCCP: known incorrect sRGB profile
13:27:45 DEBUG [stderr]: libpng warning: iCCP: known incorrect sRGB profile
13:27:45 DEBUG [Main] [Geode]: Loading mod resources
13:27:45 DEBUG [Main] [Geode]: Adding resources
13:27:45 DEBUG [Main] [Geode]:   geode.loader
13:27:45 DEBUG [Main] [Geode]:     Adding sheet geode.loader/LogoSheet
13:27:45 DEBUG [Main] [Geode]:     Adding sheet geode.loader/APISheet
13:27:45 DEBUG [Main] [Geode]:     Adding sheet geode.loader/BlankSheet
13:27:46 DEBUG [Main] [Geode]:   dankmeme.globed2
13:27:46 DEBUG [Main] [Geode]:     Adding sheet dankmeme.globed2/globedsheet1
13:27:46 DEBUG [Main] [Geode]:   cvolton.betterinfo
13:27:46 DEBUG [Main] [Geode]:     Adding sheet cvolton.betterinfo/SearchButtons-410
13:27:46 DEBUG [Main] [Geode]:   geode.custom-keybinds
13:27:46 DEBUG [Main] [Geode]:     Adding sheet geode.custom-keybinds/KB_ControllerSheet
13:27:46 DEBUG [Main] [Geode]:   itzkiba.better_progression
13:27:46 DEBUG [Main] [Geode]:     Adding sheet itzkiba.better_progression/badgeSpritesheet
13:27:48 DEBUG [stderr]: libpng warning: iCCP: known incorrect sRGB profile
13:27:48 DEBUG [stderr]: libpng warning: iCCP: known incorrect sRGB profile
13:27:49 DEBUG [stderr]: libpng warning: iCCP: known incorrect sRGB profile
13:27:49 DEBUG [stderr]: libpng warning: iCCP: known incorrect sRGB profile
13:27:49 DEBUG [stderr]: libpng warning: iCCP: known incorrect sRGB profile
13:27:49 INFO  [Main] [Globed]: preloading assets
13:27:49 DEBUG [Main] [Globed]: preloadAssets stage: 0
13:27:49 DEBUG [Main] [Globed]: preload: preparing 19 textures
13:27:49 DEBUG [Main] [Globed]: preload: loading images (19 total)
13:27:49 DEBUG [Main] [Globed]: preload: initializing gl textures
13:27:50 DEBUG [Main] [Globed]: preload: initialized textures, adding sprite frames
13:27:50 DEBUG [Main] [Globed]: preload: initialized sprite frames. done.
13:27:50 DEBUG [Main] [Globed]: preloadAssets stage: 1
13:27:50 DEBUG [Main] [Globed]: preload: preparing 485 textures
13:27:51 DEBUG [Main] [Globed]: preload: loading images (485 total)
13:27:51 DEBUG [Main] [Globed]: preload: initializing gl textures
13:27:54 DEBUG [Main] [Globed]: preload: initialized textures, adding sprite frames
13:27:54 DEBUG [Main] [Globed]: preload: initialized sprite frames. done.
13:27:54 DEBUG [Main] [Globed]: preloadAssets stage: 2
13:27:54 DEBUG [Main] [Globed]: preload: preparing 168 textures
13:27:54 DEBUG [Main] [Globed]: preload: loading images (168 total)
13:27:54 DEBUG [Main] [Globed]: preload: initializing gl textures
13:27:54 DEBUG [Main] [Globed]: preload: initialized textures, adding sprite frames
13:27:54 DEBUG [Main] [Globed]: preload: initialized sprite frames. done.
13:27:54 DEBUG [Main] [Globed]: preloadAssets stage: 3
13:27:54 DEBUG [Main] [Globed]: preload: preparing 119 textures
13:27:54 DEBUG [Main] [Globed]: preload: loading images (119 total)
13:27:54 DEBUG [Main] [Globed]: preload: initializing gl textures
13:27:55 DEBUG [Main] [Globed]: preload: initialized textures, adding sprite frames
13:27:55 DEBUG [Main] [Globed]: preload: initialized sprite frames. done.
13:27:55 DEBUG [Main] [Globed]: preloadAssets stage: 4
13:27:55 DEBUG [Main] [Globed]: preload: preparing 149 textures
13:27:55 DEBUG [Main] [Globed]: preload: loading images (149 total)
13:27:55 DEBUG [Main] [Globed]: preload: initializing gl textures
13:27:55 DEBUG [Main] [Globed]: preload: initialized textures, adding sprite frames
13:27:55 DEBUG [Main] [Globed]: preload: initialized sprite frames. done.
13:27:55 DEBUG [Main] [Globed]: preloadAssets stage: 5
13:27:55 DEBUG [Main] [Globed]: preload: preparing 96 textures
13:27:55 DEBUG [Main] [Globed]: preload: loading images (96 total)
13:27:55 DEBUG [Main] [Globed]: preload: initializing gl textures
13:27:55 DEBUG [Main] [Globed]: preload: initialized textures, adding sprite frames
13:27:55 DEBUG [Main] [Globed]: preload: initialized sprite frames. done.
13:27:55 DEBUG [Main] [Globed]: preloadAssets stage: 6
13:27:55 DEBUG [Main] [Globed]: preload: preparing 185 textures
13:27:55 DEBUG [Main] [Globed]: preload: loading images (185 total)
13:27:55 DEBUG [Main] [Globed]: preload: initializing gl textures
13:27:55 DEBUG [Main] [Globed]: preload: initialized textures, adding sprite frames
13:27:55 DEBUG [Main] [Globed]: preload: initialized sprite frames. done.
13:27:55 INFO  [Main] [Globed]: Asset preloading finished in 6.581s.
13:27:55 DEBUG [stderr]: libpng warning: iCCP: known incorrect sRGB profile
13:27:55 DEBUG [stderr]: libpng warning: iCCP: cHRM chunk does not match sRGB
13:27:55 DEBUG [stderr]: libpng warning: iCCP: known incorrect sRGB profile
13:27:55 ERROR [Main] [Geode]: Mod ID 'tpdea.betterpause-Better' will be rejected in the future - IDs must match the regex `[a-z0-9\-_]+\.[a-z0-9\-_]+`
13:27:55 ERROR [Main] [Geode]: Mod ID 'TheSillyDoggo.StartposSwitcher' will be rejected in the future - IDs must match the regex `[a-z0-9\-_]+\.[a-z0-9\-_]+`
13:28:31 ERROR [Main] [Geode]: Mod ID 'tpdea.betterpause-Better' will be rejected in the future - IDs must match the regex `[a-z0-9\-_]+\.[a-z0-9\-_]+`
13:28:31 ERROR [Main] [Geode]: Mod ID 'TheSillyDoggo.StartposSwitcher' will be rejected in the future - IDs must match the regex `[a-z0-9\-_]+\.[a-z0-9\-_]+`
13:28:34 ERROR [Main] [Geode]: Mod ID 'tpdea.betterpause-Better' will be rejected in the future - IDs must match the regex `[a-z0-9\-_]+\.[a-z0-9\-_]+`
13:28:34 ERROR [Main] [Geode]: Mod ID 'TheSillyDoggo.StartposSwitcher' will be rejected in the future - IDs must match the regex `[a-z0-9\-_]+\.[a-z0-9\-_]+`
13:28:37 DEBUG [stderr]: libpng warning: iCCP: known incorrect sRGB profile
13:28:37 DEBUG [stderr]: libpng warning: iCCP: known incorrect sRGB profile
13:28:37 DEBUG [stderr]: libpng warning: iCCP: known incorrect sRGB profile
13:28:37 DEBUG [stderr]: libpng warning: iCCP: known incorrect sRGB profile
13:28:37 DEBUG [stderr]: libpng warning: Interlace handling should be turned on when using png_read_image
13:28:54 ERROR [Main] [Geode]: Unable to parse mod 'syzzi.click_between_frames' version from the server: Mod targets version v3.1.1 but Geode is version v3.0.0
13:28:54 ERROR [Main] [Geode]: Unable to parse mod 'syzzi.click_between_frames' version from the server: Mod targets version v3.1.1 but Geode is version v3.0.0
13:28:54 ERROR [Main] [Geode]: Unable to parse mod 'syzzi.click_between_frames' version from the server: Mod targets version v3.2.0 but Geode is version v3.0.0
13:28:54 ERROR [Main] [Geode]: Unable to parse mod 'syzzi.click_between_frames' version from the server: Mod targets version v3.2.0 but Geode is version v3.0.0
13:28:54 ERROR [Main] [Geode]: Unable to parse mod 'syzzi.click_between_frames' version from the server: Mod targets version v3.2.0 but Geode is version v3.0.0
13:29:14 ERROR [Main] [Geode]: Mod ID 'tpdea.betterpause-Better' will be rejected in the future - IDs must match the regex `[a-z0-9\-_]+\.[a-z0-9\-_]+`
13:29:14 ERROR [Main] [Geode]: Mod ID 'TheSillyDoggo.StartposSwitcher' will be rejected in the future - IDs must match the regex `[a-z0-9\-_]+\.[a-z0-9\-_]+`
13:29:17 ERROR [Main] [Globed]: Failed to fetch servers.

Reason: <cy>code 400: Outdated client, please update Globed. This server requires at least version v1.5.0</c>
13:29:17 DEBUG [Main] [Globed]: showing error: Failed to fetch servers.

Reason: <cy>code 400: Outdated client, please update Globed. This server requires at least version v1.5.0</c>
13:29:17 DEBUG [stderr]: libpng warning: iCCP: known incorrect sRGB profile
13:29:24 ERROR [Main] [Globed]: Failed to fetch servers.

Reason: <cy>code 400: Outdated client, please update Globed. This server requires at least version v1.5.0</c>
13:29:24 DEBUG [Main] [Globed]: showing error: Failed to fetch servers.

Reason: <cy>code 400: Outdated client, please update Globed. This server requires at least version v1.5.0</c>
13:29:29 DEBUG [stderr]: libpng warning: iCCP: known incorrect sRGB profile
13:29:36 DEBUG [stderr]: libpng warning: iCCP: known incorrect sRGB profile
13:29:36 DEBUG [stderr]: libpng warning: iCCP: cHRM chunk does not match sRGB
13:29:37 DEBUG [Main] [Globed]: pos: 3, top: false, right: true
13:31:27 DEBUG [Main] [Globed]: pos: 3, top: false, right: true
13:31:51 WARN  [Main] [Globed]: vmt hook failed: Cannot enable patch: Failed to enable patch: Unable to write to memory
13:31:52 ERROR [Main] [Geode]: Mod ID 'tpdea.betterpause-Better' will be rejected in the future - IDs must match the regex `[a-z0-9\-_]+\.[a-z0-9\-_]+`
13:31:52 ERROR [Main] [Geode]: Mod ID 'TheSillyDoggo.StartposSwitcher' will be rejected in the future - IDs must match the regex `[a-z0-9\-_]+\.[a-z0-9\-_]+`
13:32:00 DEBUG [Main] [Globed]: pos: 3, top: false, right: true
13:33:24 DEBUG [Main] [Globed]: pos: 3, top: false, right: true
13:33:37 INFO  [Exact Level Length] [BetterInfo]: Time for levelString: 0ms, decompress: 0ms, parse: 0ms
13:33:39 INFO  [Exact Level Length] [BetterInfo]: Time for levelString: 181ms, decompress: 18ms, parse: 163ms
13:33:39 DEBUG [Main] [Globed]: pos: 3, top: false, right: true
13:34:18 INFO  [Exact Level Length] [BetterInfo]: Time for levelString: 209ms, decompress: 24ms, parse: 185ms
13:34:20 ERROR [Main] [Geode]: Mod ID 'tpdea.betterpause-Better' will be rejected in the future - IDs must match the regex `[a-z0-9\-_]+\.[a-z0-9\-_]+`
13:34:20 ERROR [Main] [Geode]: Mod ID 'TheSillyDoggo.StartposSwitcher' will be rejected in the future - IDs must match the regex `[a-z0-9\-_]+\.[a-z0-9\-_]+`
13:34:22 DEBUG [Main] [Globed]: pos: 3, top: false, right: true
13:35:04 ERROR [Main] [Geode]: Mod ID 'tpdea.betterpause-Better' will be rejected in the future - IDs must match the regex `[a-z0-9\-_]+\.[a-z0-9\-_]+`
13:35:04 ERROR [Main] [Geode]: Mod ID 'TheSillyDoggo.StartposSwitcher' will be rejected in the future - IDs must match the regex `[a-z0-9\-_]+\.[a-z0-9\-_]+`
13:35:07 DEBUG [stderr]: libpng warning: iCCP: known incorrect sRGB profile
13:35:54 INFO  [Exact Level Length] [BetterInfo]: Time for levelString: 0ms, decompress: 0ms, parse: 0ms
13:35:54 DEBUG [Main] [BetterInfo]: Restored green username for 56511602: 
13:35:55 INFO  [Exact Level Length] [BetterInfo]: Time for levelString: 1ms, decompress: 0ms, parse: 1ms
13:35:56 DEBUG [Main] [Globed]: pos: 3, top: false, right: true
13:36:06 INFO  [Exact Level Length] [BetterInfo]: Time for levelString: 1ms, decompress: 0ms, parse: 1ms
13:36:08 DEBUG [Main] [Globed]: pos: 3, top: false, right: true
13:36:25 INFO  [Exact Level Length] [BetterInfo]: Time for levelString: 1ms, decompress: 0ms, parse: 1ms
13:36:32 INFO  [Exact Level Length] [BetterInfo]: Time for levelString: 0ms, decompress: 0ms, parse: 0ms
13:36:33 INFO  [Exact Level Length] [BetterInfo]: Time for levelString: 2ms, decompress: 0ms, parse: 2ms
13:36:33 DEBUG [Main] [Globed]: pos: 3, top: false, right: true
13:37:35 INFO  [Exact Level Length] [BetterInfo]: Time for levelString: 4ms, decompress: 0ms, parse: 4ms
13:37:37 INFO  [Exact Level Length] [BetterInfo]: Time for levelString: 0ms, decompress: 0ms, parse: 0ms
13:37:37 INFO  [Exact Level Length] [BetterInfo]: Time for levelString: 3ms, decompress: 0ms, parse: 3ms
13:37:38 DEBUG [Main] [Globed]: pos: 3, top: false, right: true
13:39:33 INFO  [Exact Level Length] [BetterInfo]: Time for levelString: 5ms, decompress: 0ms, parse: 5ms
13:39:35 INFO  [Exact Level Length] [BetterInfo]: Time for levelString: 4ms, decompress: 0ms, parse: 4ms
13:39:36 INFO  [Exact Level Length] [BetterInfo]: Time for levelString: 4ms, decompress: 0ms, parse: 4ms
13:39:38 INFO  [Exact Level Length] [BetterInfo]: Time for levelString: 0ms, decompress: 0ms, parse: 0ms
13:39:38 INFO  [Exact Level Length] [BetterInfo]: Time for levelString: 2ms, decompress: 0ms, parse: 2ms
13:39:39 DEBUG [Main] [Globed]: pos: 3, top: false, right: true
13:40:31 INFO  [Exact Level Length] [BetterInfo]: Time for levelString: 1ms, decompress: 0ms, parse: 1ms
13:40:33 INFO  [Exact Level Length] [BetterInfo]: Time for levelString: 1ms, decompress: 0ms, parse: 1ms
13:40:43 INFO  [Exact Level Length] [BetterInfo]: Time for levelString: 0ms, decompress: 0ms, parse: 0ms
13:40:44 INFO  [Exact Level Length] [BetterInfo]: Time for levelString: 75ms, decompress: 6ms, parse: 69ms
13:40:44 DEBUG [Main] [Globed]: pos: 3, top: false, right: true
13:41:34 INFO  [Exact Level Length] [BetterInfo]: Time for levelString: 118ms, decompress: 10ms, parse: 108ms
13:41:36 INFO  [Main] [Geode]: Saving mod data...
13:41:36 DEBUG [Main] [Geode]:   geode.loader
13:41:36 DEBUG [Main] [Geode]:     Check covered
13:41:36 DEBUG [Main] [Geode]:     Check if auto-check-updates is saved
13:41:36 DEBUG [Main] [Geode]:     Check if show-platform-console is saved
13:41:36 DEBUG [Main] [Geode]:     Check if disable-last-crashed-popup is saved
13:41:36 DEBUG [Main] [Geode]:     Check if server-cache-size-limit is saved
13:41:36 DEBUG [Main] [Geode]:     Check if enable-geode-theme is saved
13:41:36 DEBUG [Main] [Geode]:     Check if auto-update-mods is saved
13:41:36 DEBUG [Main] [Geode]:   alphalaneous.deathlink
13:41:36 DEBUG [Main] [Geode]:     Check covered
13:41:36 DEBUG [Main] [Geode]:   fleym.nongd
13:41:36 DEBUG [Main] [Geode]:     Check covered
13:41:36 DEBUG [Main] [Geode]:     Check if fix-empty-size is saved
13:41:36 DEBUG [Main] [Geode]:   tpdea.betterpause-Better
13:41:36 DEBUG [Main] [Geode]:     Check covered
13:41:36 DEBUG [Main] [Geode]:     Check if type-pause is saved
13:41:36 DEBUG [Main] [Geode]:     Check if level-editor-hack is saved
13:41:36 DEBUG [Main] [Geode]:     Check if show-comment-button is saved
13:41:36 DEBUG [Main] [Geode]:     Check if amount-scroll-button is saved
13:41:36 DEBUG [Main] [Geode]:     Check if disable-arrow-blink is saved
13:41:36 DEBUG [Main] [Geode]:     Check if tolerance-in-buttons-list is saved
13:41:36 DEBUG [Main] [Geode]:     Check if disable-arrow-buttons is saved
13:41:36 DEBUG [Main] [Geode]:     Check if disable-creator-label is saved
13:41:36 DEBUG [Main] [Geode]:     Check if enabled-info-button is saved
13:41:36 DEBUG [Main] [Geode]:     Check if enabled-coins-viewer is saved
13:41:36 DEBUG [Main] [Geode]:     Check if disable-rating-plus-label is saved
13:41:36 DEBUG [Main] [Geode]:     Check if original-comment-button-sprite is saved
13:41:36 DEBUG [Main] [Geode]:     Check if confirm-edit-level is saved
13:41:36 DEBUG [Main] [Geode]:     Check if remove-exit-hotkey is saved
13:41:36 DEBUG [Main] [Geode]:     Check if disable-icon-rating-plus-label is saved
13:41:36 DEBUG [Main] [Geode]:     Check if confirm-resume-level is saved
13:41:36 DEBUG [Main] [Geode]:     Check if confirm-practice-level is saved
13:41:36 DEBUG [Main] [Geode]:     Check if confirm-normal-level is saved
13:41:36 DEBUG [Main] [Geode]:     Check if confirm-restart-level is saved
13:41:36 DEBUG [Main] [Geode]:     Check if confirm-restart-full-level is saved
13:41:36 DEBUG [Main] [Geode]:     Check if Quick-Settings-Select is saved
13:41:36 DEBUG [Main] [Geode]:   flafy.autonong
13:41:36 DEBUG [Main] [Geode]:     Check covered
13:41:36 DEBUG [Main] [Geode]:     Check if always-show-auto-nong-btn is saved
13:41:36 DEBUG [Main] [Geode]:     Check if show-level-popup is saved
13:41:36 DEBUG [Main] [Geode]:     Check if use-cobalt is saved
13:41:36 DEBUG [Main] [Geode]:     Check if indexes is saved
13:41:36 DEBUG [Main] [Geode]:     Check if use-yt-dlp is saved
13:41:36 DEBUG [Main] [Geode]:     Check if yt-dlp-path is saved
13:41:36 DEBUG [Main] [Geode]:     Check if _blacklistPPClear is saved
13:41:36 DEBUG [Main] [Geode]:   dankmeme.globed2
13:41:36 DEBUG [Main] [Geode]:     Check covered
13:41:36 DEBUG [Main] [Geode]:     Check if force-skip-preload is saved
13:41:36 DEBUG [Main] [Geode]:   cvolton.betterinfo
13:41:36 DEBUG [Main] [Geode]:     Check covered
13:41:36 DEBUG [Main] [Geode]:     Check if fix-green-users is saved
13:41:36 DEBUG [Main] [Geode]:     Check if show-comment-ids is saved
13:41:36 DEBUG [Main] [Geode]:     Check if white-id is saved
13:41:36 DEBUG [Main] [Geode]:     Check if level-info is saved
13:41:36 DEBUG [Main] [Geode]:     Check if alt-button is saved
13:41:36 DEBUG [Main] [Geode]:     Check if auto-submit is saved
13:41:36 DEBUG [Main] [Geode]:     Check if hide-platformer-time is saved
13:41:36 DEBUG [Main] [Geode]:   cvolton.misc_bugfixes
13:41:36 DEBUG [Main] [Geode]:     Check covered
13:41:36 DEBUG [Main] [Geode]:     Check if skip-4gb-patch-check is saved
13:41:36 DEBUG [Main] [Geode]:   egg.icon_hack
13:41:36 DEBUG [Main] [Geode]:     Check covered
13:41:36 DEBUG [Main] [Geode]:     Check if disablerandomize is saved
13:41:36 DEBUG [Main] [Geode]:   geode.custom-keybinds
13:41:36 DEBUG [Main] [Geode]:     Check covered
13:41:36 DEBUG [Main] [Geode]:     Check if open-menu is saved
13:41:36 DEBUG [Main] [Geode]:   geode.node-ids
13:41:36 DEBUG [Main] [Geode]:     Check covered
13:41:36 DEBUG [Main] [Geode]:   geode.texture-loader
13:41:36 INFO  [M>] [Texture Lo>]: Saving texture packs
13:41:36 DEBUG [Main] [Geode]:     Check covered
13:41:36 DEBUG [Main] [Geode]:   itzkiba.better_progression
13:41:36 DEBUG [Main] [Geode]:     Check covered
13:41:36 DEBUG [Main] [Geode]:     Check if bar-color is saved
13:41:36 DEBUG [Main] [Geode]:     Check if most-exp-icon is saved
13:41:36 DEBUG [Main] [Geode]:     Check if disable-tier-bar is saved
13:41:36 DEBUG [Main] [Geode]:     Check if disable-open-check is saved
13:41:36 DEBUG [Main] [Geode]:   TheSillyDoggo.StartposSwitcher
13:41:36 DEBUG [Main] [Geode]:     Check covered
13:41:36 DEBUG [Main] [Geode]:     Check if show-ui is saved
13:41:36 DEBUG [Main] [Geode]:   syzzi.click_between_frames
13:41:36 DEBUG [Main] [Geode]:     Check covered
13:41:36 DEBUG [Main] [Geode]:     Check if soft-toggle is saved
13:41:36 DEBUG [Main] [Geode]:     Check if actual-delta is saved
13:41:36 DEBUG [Main] [Geode]:     Check if right-click is saved
13:41:36 DEBUG [Main] [Geode]:     Check if late-cutoff is saved
13:41:36 DEBUG [Main] [Geode]:   zilko.custom_labels
13:41:36 DEBUG [Main] [Geode]:     Check covered
13:41:36 DEBUG [Main] [Geode]:     Check if labels_enabled is saved
13:41:36 DEBUG [Main] [Geode]:     Check if button_enabled is saved
13:41:36 DEBUG [Main] [Geode]:     Check if button_menu is saved
13:41:36 INFO  [Main] [Geode]:   Took 0.114s
13:41:39 DEBUG [Main] [Globed]: waiting for network threads to terminate..
13:41:39 INFO  [Main] [Globed]: goodbye from networkmanager!
13:41:39 INFO  [Main] [Globed]: audio thread halted.
