21:24:23 INFO  [Main] [Geode]: Running Geode v2.0.0-beta.23 in Geometry Dash v2.204
21:24:23 INFO  [Main] [Geode]: Setting up internal mod
21:24:24 INFO  [Main] [Geode]: Setting up loader
21:24:24 DEBUG [Main] [Geode]:   Loading launch arguments
21:24:24 DEBUG [Main] [Geode]:   Setting up crash handler
21:24:24 DEBUG [Main] [Geode]:   Loading hooks
21:24:24 DEBUG [Main] [Geode]:     Enabled cocos2d::CCFileUtils::fullPathForFilename hook at 0x56770f40 for geode.loader
21:24:24 DEBUG [Main] [Geode]:     Enabled cocos2d::CCFileUtils::sharedFileUtils hook at 0x56779770 for geode.loader
21:24:24 DEBUG [Main] [Geode]:     Enabled cocos2d::CCMenuItem::activate hook at 0x5675e1e0 for geode.loader
21:24:24 DEBUG [Main] [Geode]:     Enabled cocos2d::CCMenu::ccTouchEnded hook at 0x5675d260 for geode.loader
21:24:24 DEBUG [Main] [Geode]:     Enabled FMOD::System::init hook at 0x563a2530 for geode.loader
21:24:24 DEBUG [Main] [Geode]:     Enabled FMOD::ChannelControl::setVolume hook at 0x5631b180 for geode.loader
21:24:24 DEBUG [Main] [Geode]:     Enabled cocos2d::CCNode::getUserObject hook at 0x567c31f0 for geode.loader
21:24:24 DEBUG [Main] [Geode]:     Enabled cocos2d::CCNode::setUserObject hook at 0x567115a0 for geode.loader
21:24:24 DEBUG [Main] [Geode]:     Enabled LevelPage::onPlay hook at 0xf8c080 for geode.loader
21:24:24 DEBUG [Main] [Geode]:     Enabled LoadingLayer::init hook at 0xf96370 for geode.loader
21:24:24 DEBUG [Main] [Geode]:     Enabled LoadingLayer::loadAssets hook at 0xf96bd0 for geode.loader
21:24:24 DEBUG [Main] [Geode]:     Enabled MenuLayer::init hook at 0xf9b450 for geode.loader
21:24:24 DEBUG [Main] [Geode]:     Enabled ProfilePage::getUserInfoFinished hook at 0x1011db0 for geode.loader
21:24:24 DEBUG [Main] [Geode]:     Enabled AchievementNotifier::willSwitchToScene hook at 0xd3c200 for geode.loader
21:24:24 DEBUG [Main] [Geode]:     Enabled AppDelegate::trySaveGame hook at 0xd7b790 for geode.loader
21:24:24 DEBUG [Main] [Geode]:     Enabled cocos2d::CCScheduler::update hook at 0x567b6db0 for geode.loader
21:24:24 DEBUG [Main] [Geode]:     Enabled CCTextInputNode::ccTouchBegan hook at 0xd504f0 for geode.loader
21:24:24 DEBUG [Main] [Geode]:     Enabled LoadingLayer::loadAssets hook at 0xf96bd0 for geode.loader
21:24:24 DEBUG [Main] [Geode]:   Setting up directories
21:24:24 INFO  [Main] [Geode]:   Refreshing mod graph
21:24:24 DEBUG [Main] [Geode]:     Queueing mods
21:24:24 DEBUG [Main] [Geode]:       Searching E:\SteamLibrary\steamapps\common\Geometry Dash\geode\mods
21:24:24 DEBUG [Main] [Geode]:         Found cvolton.betterinfo.geode
21:24:24 DEBUG [Main] [Geode]:           id: cvolton.betterinfo
21:24:24 DEBUG [Main] [Geode]:           version: v4.1.7
21:24:24 DEBUG [Main] [Geode]:           early: yes
21:24:24 DEBUG [Main] [Geode]:         Found cvolton.misc_bugfixes.geode
21:24:24 DEBUG [Main] [Geode]:           id: cvolton.misc_bugfixes
21:24:24 DEBUG [Main] [Geode]:           version: v1.1.2
21:24:24 DEBUG [Main] [Geode]:           early: yes
21:24:24 DEBUG [Main] [Geode]:         Found geode.node-ids.geode
21:24:24 DEBUG [Main] [Geode]:           id: geode.node-ids
21:24:24 DEBUG [Main] [Geode]:           version: v1.8.1
21:24:24 DEBUG [Main] [Geode]:           early: no
21:24:24 DEBUG [Main] [Geode]:         Found tpdea.betterpause-Better.geode
21:24:24 DEBUG [Main] [Geode]:           id: tpdea.betterpause-Better
21:24:24 DEBUG [Main] [Geode]:           version: v1.6.8
21:24:24 DEBUG [Main] [Geode]:           early: yes
21:24:24 DEBUG [Main] [Geode]:     Populating mod list
21:24:24 DEBUG [Main] [Geode]:       cvolton.betterinfo v4.1.7
21:24:24 DEBUG [Main] [Geode]:       cvolton.misc_bugfixes v1.1.2
21:24:24 DEBUG [Main] [Geode]:       geode.node-ids v1.8.1
21:24:24 DEBUG [Main] [Geode]:       tpdea.betterpause-Better v1.6.8
21:24:24 WARN  [Main] [BetterPause]:   Encountered unknown setting "Quick-Settings-Select" while loading settings
21:24:24 DEBUG [Main] [Geode]:     Building mod graph
21:24:24 DEBUG [Main] [Geode]:       geode.node-ids
21:24:24 DEBUG [Main] [Geode]:         geode.loader
21:24:24 DEBUG [Main] [Geode]:       geode.loader
21:24:24 DEBUG [Main] [Geode]:       tpdea.betterpause-Better
21:24:24 DEBUG [Main] [Geode]:         geode.loader
21:24:24 DEBUG [Main] [Geode]:         geode.node-ids
21:24:24 DEBUG [Main] [Geode]:       cvolton.betterinfo
21:24:24 DEBUG [Main] [Geode]:         geode.loader
21:24:24 DEBUG [Main] [Geode]:         geode.node-ids
21:24:24 DEBUG [Main] [Geode]:         cvolton.misc_bugfixes
21:24:24 DEBUG [Main] [Geode]:       cvolton.misc_bugfixes
21:24:24 DEBUG [Main] [Geode]:         geode.loader
21:24:24 DEBUG [Main] [Geode]:     Loading early mods
21:24:24 DEBUG [Main] [Geode]:       geode.node-ids v1.8.1
21:24:24 DEBUG [Main] [Geode]:         Unzip
21:24:24 DEBUG [Main] [Geode]:         Same hash detected, skipping unzip
21:24:24 DEBUG [Main] [Geode]:         Load
21:24:24 DEBUG [Main] [Geode]:         Loading binary for mod geode.node-ids
21:24:24 DEBUG [Main] [Geode]:         Enabled ChallengeNode::init hook at 0xd7db30 for geode.node-ids
21:24:24 DEBUG [Main] [Geode]:         Enabled ChallengesPage::createChallengeNode hook at 0xd7d190 for geode.node-ids
21:24:24 DEBUG [Main] [Geode]:         Enabled ChallengesPage::init hook at 0xd7c560 for geode.node-ids
21:24:24 DEBUG [Main] [Geode]:         Enabled CharacterColorPage::init hook at 0xd7ea50 for geode.node-ids
21:24:24 DEBUG [Main] [Geode]:         Enabled CommentCell::loadFromComment hook at 0xda4490 for geode.node-ids
21:24:24 DEBUG [Main] [Geode]:         Enabled CreatorLayer::init hook at 0xd8f550 for geode.node-ids
21:24:24 DEBUG [Main] [Geode]:         Enabled CustomizeObjectLayer::init hook at 0xd964a0 for geode.node-ids
21:24:24 DEBUG [Main] [Geode]:         Enabled CustomizeObjectLayer::toggleVisible hook at 0xd99780 for geode.node-ids
21:24:24 DEBUG [Main] [Geode]:         Enabled DailyLevelNode::init hook at 0xdb96c0 for geode.node-ids
21:24:24 DEBUG [Main] [Geode]:         Enabled DailyLevelPage::init hook at 0xdb76d0 for geode.node-ids
21:24:24 DEBUG [Main] [Geode]:         Enabled EditLevelLayer::init hook at 0xdbc8e0 for geode.node-ids
21:24:24 DEBUG [Main] [Geode]:         Enabled EditorPauseLayer::init hook at 0xdc0020 for geode.node-ids
21:24:24 DEBUG [Main] [Geode]:         Enabled EditorUI::init hook at 0xdc4260 for geode.node-ids
21:24:24 DEBUG [Main] [Geode]:         Enabled EndLevelLayer::customSetup hook at 0xe074f0 for geode.node-ids
21:24:24 DEBUG [Main] [Geode]:         Enabled EndLevelLayer::showLayer hook at 0xe08c20 for geode.node-ids
21:24:24 DEBUG [Main] [Geode]:         Enabled FLAlertLayer::init hook at 0xd50f60 for geode.node-ids
21:24:24 DEBUG [Main] [Geode]:         Enabled GJCommentListLayer::create hook at 0xf27dc0 for geode.node-ids
21:24:24 DEBUG [Main] [Geode]:         Enabled GJGarageLayer::init hook at 0xf0f250 for geode.node-ids
21:24:24 DEBUG [Main] [Geode]:         Enabled GJGarageLayer::setupPage hook at 0xf11d70 for geode.node-ids
21:24:24 DEBUG [Main] [Geode]:         Enabled GJScoreCell::loadFromScore hook at 0xda65b0 for geode.node-ids
21:24:24 DEBUG [Main] [Geode]:         Enabled GameToolbox::addBackButton hook at 0xd61910 for geode.node-ids
21:24:24 DEBUG [Main] [Geode]:         Enabled GameToolbox::addRThumbScrollButton hook at 0xd619c0 for geode.node-ids
21:24:24 DEBUG [Main] [Geode]:         Enabled InfoLayer::init hook at 0xf48810 for geode.node-ids
21:24:24 DEBUG [Main] [Geode]:         Enabled InfoLayer::setupCommentsBrowser hook at 0xf4b670 for geode.node-ids
21:24:24 DEBUG [Main] [Geode]:         Enabled LeaderboardsLayer::init hook at 0xf4dc60 for geode.node-ids
21:24:24 DEBUG [Main] [Geode]:         Enabled LevelAreaInnerLayer::init hook at 0xf511e0 for geode.node-ids
21:24:24 DEBUG [Main] [Geode]:         Enabled LevelBrowserLayer::init hook at 0xf52e60 for geode.node-ids
21:24:24 DEBUG [Main] [Geode]:         Enabled LevelCell::loadCustomLevelCell hook at 0xd9da60 for geode.node-ids
21:24:24 DEBUG [Main] [Geode]:         Enabled LevelCell::loadFromLevel hook at 0xd9d8b0 for geode.node-ids
21:24:24 DEBUG [Main] [Geode]:         Enabled LevelCell::loadLocalLevelCell hook at 0xda04d0 for geode.node-ids
21:24:24 DEBUG [Main] [Geode]:         Enabled LevelEditorLayer::init hook at 0xf59a70 for geode.node-ids
21:24:24 DEBUG [Main] [Geode]:         Enabled LevelInfoLayer::init hook at 0xf716a0 for geode.node-ids
21:24:24 DEBUG [Main] [Geode]:         Enabled LevelInfoLayer::setupPlatformerStats hook at 0xf73a90 for geode.node-ids
21:24:24 DEBUG [Main] [Geode]:         Enabled LevelInfoLayer::setupProgressBars hook at 0xf73e20 for geode.node-ids
21:24:24 DEBUG [Main] [Geode]:         Enabled LevelInfoLayer::updateLabelValues hook at 0xf76d20 for geode.node-ids
21:24:24 DEBUG [Main] [Geode]:         Enabled LevelLeaderboard::init hook at 0xf78060 for geode.node-ids
21:24:24 DEBUG [Main] [Geode]:         Enabled LevelSearchLayer::init hook at 0xf80f10 for geode.node-ids
21:24:24 DEBUG [Main] [Geode]:         Enabled OptionsLayer::customSetup hook at 0xfd02d0 for geode.node-ids
21:24:24 DEBUG [Main] [Geode]:         Enabled PauseLayer::customSetup hook at 0xfd89f0 for geode.node-ids
21:24:24 DEBUG [Main] [Geode]:         Enabled PlayLayer::init hook at 0xffc4a0 for geode.node-ids
21:24:24 DEBUG [Main] [Geode]:         Enabled PlayerObject::init hook at 0xfe24c0 for geode.node-ids
21:24:24 DEBUG [Main] [Geode]:         Enabled ProfilePage::init hook at 0x100d080 for geode.node-ids
21:24:24 DEBUG [Main] [Geode]:         Enabled ProfilePage::loadPageFromUserInfo hook at 0x100dda0 for geode.node-ids
21:24:24 DEBUG [Main] [Geode]:         Enabled RewardsPage::init hook at 0x10167f0 for geode.node-ids
21:24:24 DEBUG [Main] [Geode]:         Enabled SecretRewardsLayer::init hook at 0x101b6b0 for geode.node-ids
21:24:24 DEBUG [Main] [Geode]:         Enabled SetGroupIDLayer::init hook at 0x1030d80 for geode.node-ids
21:24:24 DEBUG [Main] [Geode]:         Enabled UILayer::init hook at 0x10dec10 for geode.node-ids
21:24:24 DEBUG [Main] [Geode]:       tpdea.betterpause-Better v1.6.8
21:24:24 DEBUG [Main] [Geode]:         Unzip
21:24:24 DEBUG [Main] [Geode]:         Same hash detected, skipping unzip
21:24:24 DEBUG [Main] [Geode]:         Load
21:24:24 DEBUG [Main] [Geode]:         Loading binary for mod tpdea.betterpause-Better
21:24:24 DEBUG [Main] [Geode]:         Enabled PauseLayer::create hook at 0xfd8940 for tpdea.betterpause-Better
21:24:24 DEBUG [Main] [Geode]:         Enabled PauseLayer::keyDown hook at 0xfda310 for tpdea.betterpause-Better
21:24:24 DEBUG [Main] [Geode]:         Enabled PauseLayer::onEdit hook at 0xfda020 for tpdea.betterpause-Better
21:24:24 DEBUG [Main] [Geode]:         Enabled PauseLayer::onNormalMode hook at 0xfd9ed0 for tpdea.betterpause-Better
21:24:24 DEBUG [Main] [Geode]:         Enabled PauseLayer::onPracticeMode hook at 0xfd9e60 for tpdea.betterpause-Better
21:24:24 DEBUG [Main] [Geode]:         Enabled PauseLayer::onRestart hook at 0xfd9f80 for tpdea.betterpause-Better
21:24:24 DEBUG [Main] [Geode]:         Enabled PauseLayer::onRestartFull hook at 0xfd9fd0 for tpdea.betterpause-Better
21:24:24 DEBUG [Main] [Geode]:         Enabled PauseLayer::onResume hook at 0xfd9f30 for tpdea.betterpause-Better
21:24:24 DEBUG [Main] [Geode]:         Enabled PauseLayer::tryQuit hook at 0xfda170 for tpdea.betterpause-Better
21:24:24 DEBUG [Main] [Geode]:         Enabled PlayLayer::addObject hook at 0x10019b0 for tpdea.betterpause-Better
21:24:24 DEBUG [Main] [Geode]:         Enabled PlayLayer::init hook at 0xffc4a0 for tpdea.betterpause-Better
21:24:24 DEBUG [Main] [Geode]:         Enabled PlayLayer::levelComplete hook at 0xffdb60 for tpdea.betterpause-Better
21:24:24 DEBUG [Main] [Geode]:         Enabled PlayLayer::showNewBest hook at 0xffedc0 for tpdea.betterpause-Better
21:24:24 DEBUG [Main] [Geode]:         Enabled GJBaseGameLayer::update hook at 0xedb780 for tpdea.betterpause-Better
21:24:24 DEBUG [Main] [Geode]:         Enabled MoreOptionsLayer::addToggle hook at 0xfd25f0 for tpdea.betterpause-Better
21:24:24 DEBUG [Main] [Geode]:         Enabled GameOptionsLayer::create hook at 0xf33050 for tpdea.betterpause-Better
21:24:24 DEBUG [Main] [Geode]:         Enabled GJOptionsLayer::addToggleInternal hook at 0xf26350 for tpdea.betterpause-Better
21:24:24 DEBUG [Main] [Geode]:         Enabled GJOptionsLayer::init hook at 0xf25f80 for tpdea.betterpause-Better
21:24:24 DEBUG [Main] [Geode]:         Enabled CustomSongWidget::updateSongInfo hook at 0xdb4b80 for tpdea.betterpause-Better
21:24:24 DEBUG [Main] [Geode]:         Enabled CustomSongWidget::updateSongObject hook at 0xdb4280 for tpdea.betterpause-Better
21:24:24 DEBUG [Main] [Geode]:         Enabled CCScrollLayerExt::ccTouchCancelled hook at 0xd483e0 for tpdea.betterpause-Better
21:24:24 DEBUG [Main] [Geode]:         Enabled CCScrollLayerExt::ccTouchEnded hook at 0xd481c0 for tpdea.betterpause-Better
21:24:24 DEBUG [Main] [Geode]:         Enabled CCScrollLayerExt::ccTouchMoved hook at 0xd48410 for tpdea.betterpause-Better
21:24:24 DEBUG [Main] [Geode]:         Enabled CCScrollLayerExt::scrollLayer hook at 0xd48550 for tpdea.betterpause-Better
21:24:24 DEBUG [Main] [Geode]:         Enabled InfoLayer::onClose hook at 0xf4b200 for tpdea.betterpause-Better
21:24:24 DEBUG [Main] [Geode]:         Enabled GJGameLevel::savePercentage hook at 0xe33d70 for tpdea.betterpause-Better
21:24:24 INFO  [stdout]: -2
21:24:24 DEBUG [Main] [Geode]:       cvolton.betterinfo v4.1.7 has unresolved dependencies
21:24:24 INFO  [stdout]: -4
21:24:24 INFO  [stdout]: -5
21:24:24 INFO  [stdout]: -11
21:24:24 INFO  [stdout]: 4
21:24:24 INFO  [stdout]: 5
21:24:24 DEBUG [Main] [Geode]:       cvolton.misc_bugfixes v1.1.2
21:24:24 DEBUG [Main] [Geode]:         Unzip
21:24:24 DEBUG [Main] [Geode]:         Same hash detected, skipping unzip
21:24:24 DEBUG [Main] [Geode]:         Load
21:24:24 DEBUG [Main] [Geode]:         Loading binary for mod cvolton.misc_bugfixes
21:24:24 DEBUG [Main] [Geode]:         Enabled MenuLayer::init hook at 0xf9b450 for cvolton.misc_bugfixes
21:24:24 DEBUG [Main] [Geode]:         Enabled MenuLayer::init hook at 0xf9b450 for cvolton.misc_bugfixes
21:24:24 DEBUG [Main] [Geode]:         Enabled cocos2d::CCMenuItem::activate hook at 0x5675e1e0 for cvolton.misc_bugfixes
21:24:24 DEBUG [Main] [Geode]:         Enabled cocos2d::CCMenu::ccTouchEnded hook at 0x5675d260 for cvolton.misc_bugfixes
21:24:24 DEBUG [Main] [Geode]:         Enabled CommentCell::FLAlert_Clicked hook at 0xda63d0 for cvolton.misc_bugfixes
21:24:24 DEBUG [Main] [Geode]:         Enabled CommentCell::onConfirmDelete hook at 0xda62c0 for cvolton.misc_bugfixes
21:24:24 DEBUG [Main] [Geode]:         Enabled CommentCell::onLike hook at 0xda6110 for cvolton.misc_bugfixes
21:24:24 DEBUG [Main] [Geode]:         Enabled MenuLayer::init hook at 0xf9b450 for cvolton.misc_bugfixes
21:24:24 DEBUG [Main] [Geode]:         Enabled LevelBrowserLayer::getSearchTitle hook at 0xf55390 for cvolton.misc_bugfixes
21:24:24 DEBUG [Main] [Geode]:         Enabled ProfilePage::loadPageFromUserInfo hook at 0x100dda0 for cvolton.misc_bugfixes
21:24:24 DEBUG [Main] [Geode]:         Enabled EditorPauseLayer::onSaveAndExit hook at 0xdc2eb0 for cvolton.misc_bugfixes
21:24:24 DEBUG [Main] [Geode]:         Enabled EditorPauseLayer::onSaveAndPlay hook at 0xdc2c90 for cvolton.misc_bugfixes
21:24:24 DEBUG [Main] [Geode]:         Enabled GameManager::returnToLastScene hook at 0xe4e110 for cvolton.misc_bugfixes
21:24:24 DEBUG [Main] [Geode]:         Enabled GJGameLoadingLayer::init hook at 0xeea9d0 for cvolton.misc_bugfixes
21:24:24 DEBUG [Main] [Geode]:         Enabled GJGameLoadingLayer::loadLevel hook at 0xeeaab0 for cvolton.misc_bugfixes
21:24:24 DEBUG [Main] [Geode]:         Enabled GJSongBrowser::FLAlert_Clicked hook at 0xf457d0 for cvolton.misc_bugfixes
21:24:24 DEBUG [Main] [Geode]:         Enabled CustomSongWidget::deleteSong hook at 0xdb3c60 for cvolton.misc_bugfixes
21:24:24 DEBUG [Main] [Geode]:         Enabled CustomSongWidget::updateSongInfo hook at 0xdb4b80 for cvolton.misc_bugfixes
21:24:24 DEBUG [Main] [Geode]:         Enabled CustomSongCell::onDelete hook at 0xda3410 for cvolton.misc_bugfixes
21:24:24 DEBUG [Main] [Geode]:         Enabled MenuLayer::init hook at 0xf9b450 for cvolton.misc_bugfixes
21:24:24 DEBUG [Main] [Geode]:         Enabled MusicDownloadManager::downloadCustomSong hook at 0xfa4bc0 for cvolton.misc_bugfixes
21:24:24 DEBUG [Main] [Geode]:         Enabled MusicDownloadManager::downloadSong hook at 0xfa3780 for cvolton.misc_bugfixes
21:24:24 DEBUG [Main] [Geode]:         Enabled MusicDownloadManager::isSongDownloaded hook at 0xfa3dd0 for cvolton.misc_bugfixes
21:24:24 DEBUG [Main] [Geode]:         Enabled MusicDownloadManager::limitDownloadedSongs hook at 0xfa3550 for cvolton.misc_bugfixes
21:24:24 DEBUG [Main] [Geode]:         Enabled MusicDownloadManager::onDownloadSongCompleted hook at 0xfa39b0 for cvolton.misc_bugfixes
21:24:24 DEBUG [Main] [Geode]:         Enabled LevelInfoLayer::init hook at 0xf716a0 for cvolton.misc_bugfixes
21:24:24 DEBUG [Main] [Geode]:         Enabled LevelInfoLayer::onPlay hook at 0xf755b0 for cvolton.misc_bugfixes
21:24:24 DEBUG [Main] [Misc Bugfixes]: Timer fix: Patched BoomScrollLayer::vfunction2
21:24:24 DEBUG [Main] [Misc Bugfixes]: Timer fix: Patched BoomScrollLayer::vfunction4
21:24:24 DEBUG [Main] [Misc Bugfixes]: Timer fix: Patched AppDelegate::trySaveGame (patch 1)
21:24:24 DEBUG [Main] [Misc Bugfixes]: Timer fix: Patched AppDelegate::trySaveGame (patch 2)
21:24:24 DEBUG [Main] [Misc Bugfixes]: Timer fix: Patched ChallengesPage::init
21:24:24 DEBUG [Main] [Misc Bugfixes]: Timer fix: Patched ChallengesPage::updateTimers
21:24:24 DEBUG [Main] [Misc Bugfixes]: Timer fix: Patched DailyLevelPage::init
21:24:24 DEBUG [Main] [Misc Bugfixes]: Timer fix: Patched DailyLevelPage::getDailyTime
21:24:24 DEBUG [Main] [Misc Bugfixes]: Timer fix: Patched FUN_0049b120
21:24:24 DEBUG [Main] [Misc Bugfixes]: Timer fix: Patched DialogLayer::animateIn
21:24:24 DEBUG [Main] [Misc Bugfixes]: Timer fix: Patched FUN_004a34e0
21:24:24 DEBUG [Main] [Misc Bugfixes]: Timer fix: Patched EditorUI::init
21:24:24 DEBUG [Main] [Misc Bugfixes]: Timer fix: Patched EditorUI::keyDown
21:24:24 DEBUG [Main] [Misc Bugfixes]: Timer fix: Patched EditorUI::scrollWheel
21:24:24 DEBUG [Main] [Misc Bugfixes]: Timer fix: Patched GameLevelManager::makeTimeStamp
21:24:24 DEBUG [Main] [Misc Bugfixes]: Timer fix: Patched GameLevelManager::isTimeValid
21:24:24 DEBUG [Main] [Misc Bugfixes]: Timer fix: Patched GameLevelManager::getTimeLeft
21:24:24 DEBUG [Main] [Misc Bugfixes]: Timer fix: Patched GameLevelManager::storeDailyLevelState (patch 1)
21:24:24 DEBUG [Main] [Misc Bugfixes]: Timer fix: Patched GameLevelManager::storeDailyLevelState (patch 2)
21:24:24 DEBUG [Main] [Misc Bugfixes]: Timer fix: Patched GameLevelManager::storeDailyLevelState (patch 3)
21:24:24 DEBUG [Main] [Misc Bugfixes]: Timer fix: Patched GameManager::likeFacebook
21:24:24 DEBUG [Main] [Misc Bugfixes]: Timer fix: Patched GameManager::followTwitter
21:24:24 DEBUG [Main] [Misc Bugfixes]: Timer fix: Patched GameManager::subYouTube
21:24:24 DEBUG [Main] [Misc Bugfixes]: Timer fix: Patched GameManager::followTwitch
21:24:24 DEBUG [Main] [Misc Bugfixes]: Timer fix: Patched GameManager::joinDiscord
21:24:24 DEBUG [Main] [Misc Bugfixes]: Timer fix: Patched GameManager::joinReddit
21:24:24 DEBUG [Main] [Misc Bugfixes]: Timer fix: Patched GameManager::applicationWillEnterForeground
21:24:24 DEBUG [Main] [Misc Bugfixes]: Timer fix: Patched GameStatsManager::storeRewardState
21:24:24 DEBUG [Main] [Misc Bugfixes]: Timer fix: Patched GameStatsManager::storeChallengeTime
21:24:24 DEBUG [Main] [Misc Bugfixes]: Timer fix: Patched GJMultiplayerManager::onJoinLobbyCompleted
21:24:24 DEBUG [Main] [Misc Bugfixes]: Timer fix: Patched PlayerObject::updateCheckpointTest
21:24:24 DEBUG [Main] [Misc Bugfixes]: Timer fix: Patched PlayLayer::init
21:24:24 DEBUG [Main] [Misc Bugfixes]: Timer fix: Patched PlayLayer::levelComplete
21:24:24 DEBUG [Main] [Misc Bugfixes]: Timer fix: Patched PlayLayer::updateAttemptTime
21:24:24 DEBUG [Main] [Misc Bugfixes]: Timer fix: Patched PlayLayer::pauseGame
21:24:24 DEBUG [Main] [Misc Bugfixes]: Timer fix: Patched PlayLayer::resume
21:24:24 DEBUG [Main] [Misc Bugfixes]: Timer fix: Patched FUN_006f76d0
21:24:24 DEBUG [Main] [Geode]:         Enabled MenuLayer::init hook at 0xf9b450 for cvolton.misc_bugfixes
21:24:24 INFO  [Main] [Geode]:     Took 0.613s. Continuing next frame...
21:24:24 DEBUG [Main] [Geode]: Setting up IPC
21:24:24 DEBUG [Main] [Geode]:   IPC set up
21:24:24 INFO  [Main] [Geode]: Starting loader update check
21:24:24 INFO  [Main] [Geode]: Entry took 0.724s
21:24:27 INFO  [Main] [Geode]: Continuing mod graph refresh...
21:24:27 DEBUG [Main] [Geode]:   Loading mods
21:24:27 DEBUG [Main] [Geode]:     cvolton.betterinfo v4.1.7
21:24:27 ERROR [Main] [Geode]: Failed to fetch updates Empty response
21:24:27 DEBUG [Mod Unzip] [Geode]:  Unzip
21:24:27 DEBUG [Mod Unzip] [Geode]:  Same hash detected, skipping unzip
21:24:27 DEBUG [Main] [Geode]:       Load
21:24:27 DEBUG [Main] [Geode]:       Loading binary for mod cvolton.betterinfo
21:24:27 DEBUG [Main] [Geode]:       Enabled ChallengesPage::createChallengeNode hook at 0xd7d190 for cvolton.betterinfo
21:24:27 DEBUG [Main] [Geode]:       Enabled ChallengesPage::init hook at 0xd7c560 for cvolton.betterinfo
21:24:27 DEBUG [Main] [Geode]:       Enabled ChallengesPage::updateTimers hook at 0xd7d450 for cvolton.betterinfo
21:24:27 DEBUG [Main] [Geode]:       Enabled CommentCell::loadFromComment hook at 0xda4490 for cvolton.betterinfo
21:24:27 DEBUG [Main] [Geode]:       Enabled CreatorLayer::init hook at 0xd8f550 for cvolton.betterinfo
21:24:27 DEBUG [Main] [Geode]:       Enabled CreatorLayer::onChallenge hook at 0xd90dd0 for cvolton.betterinfo
21:24:27 DEBUG [Main] [Geode]:       Enabled DailyLevelNode::init hook at 0xdb96c0 for cvolton.betterinfo
21:24:27 DEBUG [Main] [Geode]:       Enabled DailyLevelPage::init hook at 0xdb76d0 for cvolton.betterinfo
21:24:27 DEBUG [Main] [Geode]:       Enabled DailyLevelPage::updateTimers hook at 0xdb9120 for cvolton.betterinfo
21:24:27 DEBUG [Main] [Geode]:       Enabled EditLevelLayer::init hook at 0xdbc8e0 for cvolton.betterinfo
21:24:27 DEBUG [Main] [Geode]:       Enabled EditLevelLayer::onLevelInfo hook at 0xdbdb40 for cvolton.betterinfo
21:24:27 DEBUG [Main] [Geode]:       Enabled GJLevelList::showListInfo hook at 0xe3cef0 for cvolton.betterinfo
21:24:27 DEBUG [Main] [Geode]:       Enabled GJScoreCell::loadFromScore hook at 0xda65b0 for cvolton.betterinfo
21:24:27 DEBUG [Main] [Geode]:       Enabled GameLevelManager::getCompletedLevels hook at 0xe17790 for cvolton.betterinfo
21:24:27 DEBUG [Main] [Geode]:       Enabled GameLevelManager::getSavedLevels hook at 0xe17340 for cvolton.betterinfo
21:24:27 DEBUG [Main] [Geode]:       Enabled GameLevelManager::limitSavedLevels hook at 0xe19210 for cvolton.betterinfo
21:24:27 DEBUG [Main] [Geode]:       Enabled GameLevelManager::onProcessHttpRequestCompleted hook at 0xe13d70 for cvolton.betterinfo
21:24:27 DEBUG [Main] [Geode]:       Enabled GameLevelManager::userNameForUserID hook at 0xe16290 for cvolton.betterinfo
21:24:27 DEBUG [Main] [Geode]:       Enabled InfoLayer::init hook at 0xf48810 for cvolton.betterinfo
21:24:27 DEBUG [Main] [Geode]:       Enabled InfoLayer::loadPage hook at 0xf4b340 for cvolton.betterinfo
21:24:27 DEBUG [Main] [Geode]:       Enabled InfoLayer::onLevelInfo hook at 0xf4ada0 for cvolton.betterinfo
21:24:27 DEBUG [Main] [Geode]:       Enabled InfoLayer::onMore hook at 0xf4aaa0 for cvolton.betterinfo
21:24:27 DEBUG [Main] [Geode]:       Enabled InfoLayer::setupCommentsBrowser hook at 0xf4b670 for cvolton.betterinfo
21:24:27 DEBUG [Main] [Geode]:       Enabled ItemInfoPopup::init hook at 0xf15b80 for cvolton.betterinfo
21:24:27 DEBUG [Main] [Geode]:       Enabled LeaderboardsLayer::init hook at 0xf4dc60 for cvolton.betterinfo
21:24:27 DEBUG [Main] [Geode]:       Enabled LevelAreaInnerLayer::init hook at 0xf511e0 for cvolton.betterinfo
21:24:27 DEBUG [Main] [Geode]:       Enabled LevelBrowserLayer::init hook at 0xf52e60 for cvolton.betterinfo
21:24:27 DEBUG [Main] [Geode]:       Enabled LevelBrowserLayer::onGoToPage hook at 0xf55c40 for cvolton.betterinfo
21:24:27 DEBUG [Main] [Geode]:       Enabled LevelBrowserLayer::setupPageInfo hook at 0xf559e0 for cvolton.betterinfo
21:24:27 DEBUG [Main] [Geode]:       Enabled LevelCell::loadCustomLevelCell hook at 0xd9da60 for cvolton.betterinfo
21:24:27 DEBUG [Main] [Geode]:       Enabled LevelCell::onViewProfile hook at 0xda0f70 for cvolton.betterinfo
21:24:27 DEBUG [Main] [Geode]:       Enabled LevelInfoLayer::init hook at 0xf716a0 for cvolton.betterinfo
21:24:27 DEBUG [Main] [Geode]:       Enabled LevelInfoLayer::onLevelInfo hook at 0xf76a70 for cvolton.betterinfo
21:24:27 DEBUG [Main] [Geode]:       Enabled LevelInfoLayer::onViewProfile hook at 0xf76a10 for cvolton.betterinfo
21:24:27 DEBUG [Main] [Geode]:       Enabled LevelInfoLayer::updateLabelValues hook at 0xf76d20 for cvolton.betterinfo
21:24:27 DEBUG [Main] [Geode]:       Enabled LevelLeaderboard::init hook at 0xf78060 for cvolton.betterinfo
21:24:27 DEBUG [Main] [Geode]:       Enabled LevelListCell::loadFromList hook at 0xdab570 for cvolton.betterinfo
21:24:27 DEBUG [Main] [Geode]:       Enabled LevelPage::onInfo hook at 0xf8c400 for cvolton.betterinfo
21:24:27 DEBUG [Main] [Geode]:       Enabled LevelSearchLayer::getSearchObject hook at 0xf83ba0 for cvolton.betterinfo
21:24:27 DEBUG [Main] [Geode]:       Enabled MoreSearchLayer::init hook at 0xf856b0 for cvolton.betterinfo
21:24:27 DEBUG [Main] [Geode]:       Enabled MoreSearchLayer::onSongFilter hook at 0xf869e0 for cvolton.betterinfo
21:24:27 DEBUG [Main] [Geode]:       Enabled MoreSearchLayer::onSongMode hook at 0xf86c90 for cvolton.betterinfo
21:24:27 DEBUG [Main] [Geode]:       Enabled PlayLayer::destroyPlayer hook at 0x1006730 for cvolton.betterinfo
21:24:27 DEBUG [Main] [Geode]:       Enabled PlayLayer::init hook at 0xffc4a0 for cvolton.betterinfo
21:24:27 DEBUG [Main] [Geode]:       Enabled PlayLayer::levelComplete hook at 0xffdb60 for cvolton.betterinfo
21:24:27 DEBUG [Main] [Geode]:       Enabled PlayLayer::onQuit hook at 0x100b480 for cvolton.betterinfo
21:24:27 DEBUG [Main] [Geode]:       Enabled PlayLayer::resetLevel hook at 0x100a130 for cvolton.betterinfo
21:24:27 DEBUG [Main] [Geode]:       Enabled ProfilePage::getUserInfoFailed hook at 0x1011e40 for cvolton.betterinfo
21:24:27 DEBUG [Main] [Geode]:       Enabled ProfilePage::init hook at 0x100d080 for cvolton.betterinfo
21:24:27 DEBUG [Main] [Geode]:       Enabled ProfilePage::loadPageFromUserInfo hook at 0x100dda0 for cvolton.betterinfo
21:24:27 DEBUG [Main] [Geode]:       Enabled ProfilePage::onClose hook at 0x10115e0 for cvolton.betterinfo
21:24:27 DEBUG [Main] [Geode]:       Enabled RewardsPage::init hook at 0x10167f0 for cvolton.betterinfo
21:24:27 DEBUG [Main] [Geode]:       Enabled MenuLayer::init hook at 0xf9b450 for cvolton.betterinfo
21:24:27 INFO  [Main] [Geode]: Took 0.083s
21:24:27 INFO  [Main] [Geode]: Continuing mod graph refresh...
21:24:27 DEBUG [Main] [Geode]:   Loading mods
21:24:27 DEBUG [Main] [Geode]:     cvolton.betterinfo v4.1.7
21:24:27 INFO  [Main] [Geode]: Took 0.009s
21:24:27 INFO  [Main] [Geode]: Continuing mod graph refresh...
21:24:27 DEBUG [Main] [Geode]:   Loading mods
21:24:27 DEBUG [Main] [Geode]:     tpdea.betterpause-Better v1.6.8
21:24:27 INFO  [Main] [Geode]: Took 0.011s
21:24:27 INFO  [Main] [Geode]: Continuing mod graph refresh...
21:24:27 DEBUG [Main] [Geode]:   Finding problems
21:24:27 DEBUG [Main] [Geode]:     geode.node-ids
21:24:27 DEBUG [Main] [Geode]:     geode.loader
21:24:27 DEBUG [Main] [Geode]:     tpdea.betterpause-Better
21:24:27 DEBUG [Main] [Geode]:     cvolton.betterinfo
21:24:27 DEBUG [Main] [Geode]:     cvolton.misc_bugfixes
21:24:27 INFO  [Main] [Geode]:   Took 0s
21:24:27 DEBUG [Main] [Geode]: Verifying Loader Resources
21:24:27 DEBUG [Main] [Geode]: Loading Loader Resources
21:24:27 DEBUG [Main] [Geode]: Loading mod resources
21:24:27 DEBUG [Main] [Geode]: Adding resources
21:24:27 DEBUG [Main] [Geode]:   geode.loader
21:24:27 DEBUG [Main] [Geode]:     Adding sheet geode.loader/LogoSheet
21:24:27 INFO  [BI Manager Loader] [BetterInfo]: Loaded cache.json
21:24:27 DEBUG [Main] [Geode]:     Adding sheet geode.loader/APISheet
21:24:27 DEBUG [Main] [Geode]:     Adding sheet geode.loader/BlankSheet
21:24:27 DEBUG [Main] [Geode]:   cvolton.betterinfo
21:24:27 DEBUG [Main] [Geode]:     Adding sheet cvolton.betterinfo/SearchButtons-410
21:24:29 DEBUG [Main] [Geode]: Checking updates for index
21:24:29 ERROR [Main] [Geode]: Mod ID 'tpdea.betterpause-Better' will be rejected in the future - IDs must match the regex `[a-z0-9\-_]+\.[a-z0-9\-_]+`
21:24:29 DEBUG [Main] [Misc Bugfixes]: Loading song browser lag fix
21:24:29 DEBUG [Thread #15248] [Misc Bugfixes]: Started populating downloaded songs cache
21:24:29 INFO  [Main] [Misc Bugfixes]: Adjusted collected orbs by: 0 (113424 -> 113424)
21:24:29 DEBUG [Thread #23200] [Misc Bugfixes]: Checking for 4GB patch...
21:24:29 DEBUG [Thread #15248] [Misc Bugfixes]: Finished populating downloaded songs cache
21:24:29 DEBUG [BI Manager Loader II] [BetterInfo]: Caching 2 rated and 147 unrated levels
21:24:29 DEBUG [BI Manager Loader II] [BetterInfo]: Caching 0 rated and 0 unrated levels
21:24:29 DEBUG [Thread #23200] [Misc Bugfixes]: 4GB patch is enabled.
21:24:30 DEBUG [Main] [Geode]: Downloading index
21:24:31 DEBUG [Main] [BetterInfo]: Finished caching levels
21:24:32 DEBUG [Main] [BetterInfo]: Finished caching levels
21:24:38 ERROR [Main] [Geode]: Mod ID 'tpdea.betterpause-Better' will be rejected in the future - IDs must match the regex `[a-z0-9\-_]+\.[a-z0-9\-_]+`
21:24:41 DEBUG [Index Update] [Geode]: Unzipping index
21:25:09 DEBUG [Index Update] [Geode]: Updating local index cache
21:25:10 WARN  [Index Update] [Geode]:   settings.randomise-main-menu-bg contains unknown key "platforms"
21:25:10 WARN  [Index Update] [Geode]:   settings.force-bg contains unknown key "platforms"
21:25:10 WARN  [Index Update] [Geode]:   settings.remove-player contains unknown key "platforms"
21:25:10 WARN  [Index Update] [Geode]:   [spaghettdev.gd-roulette/v2.0.4/mod.json] contains unknown key "links"
21:25:10 WARN  [Index Update] [Geode]:   settings.mouse-move-on-zoom contains unknown key "platforms"
21:25:10 WARN  [Index Update] [Geode]:   settings.grid-size-controls contains unknown key "platforms"
21:25:10 WARN  [Index Update] [Geode]:   settings.show-grid-on-size-change contains unknown key "platforms"
21:25:10 WARN  [Index Update] [Geode]:   settings.soft-save-enabled contains unknown key "platforms"
21:25:10 WARN  [Index Update] [Geode]:   [saumondeluxe.rainbow_icon/v1.1.3/mod.json] contains unknown key "links"
21:25:10 WARN  [Index Update] [Geode]:   [relative.advanced_song_search/v1.0.1/mod.json] contains unknown key "links"
21:25:11 DEBUG [Index Update] [Geode]:   Done
21:26:44 ERROR [Main] [Geode]: Mod ID 'tpdea.betterpause-Better' will be rejected in the future - IDs must match the regex `[a-z0-9\-_]+\.[a-z0-9\-_]+`
21:26:55 DEBUG [Main] [Geode]: Installing geode.custom-keybinds
21:26:57 DEBUG [Main] [Geode]: Installed geode.custom-keybinds
21:26:57 DEBUG [Main] [Geode]: Installing dankmeme.globed2
21:27:01 DEBUG [Main] [Geode]: Installed dankmeme.globed2
21:27:04 INFO  [Main] [Geode]: Saving mod data...
21:27:04 DEBUG [Main] [Geode]:   geode.node-ids
21:27:04 DEBUG [Main] [Geode]:     Check covered
21:27:04 DEBUG [Main] [Geode]:   geode.loader
21:27:04 DEBUG [Main] [Geode]:     Check covered
21:27:04 DEBUG [Main] [Geode]:     Check if auto-check-updates is saved
21:27:04 DEBUG [Main] [Geode]:     Check if show-platform-console is saved
21:27:04 DEBUG [Main] [Geode]:     Check if disable-last-crashed-popup is saved
21:27:04 DEBUG [Main] [Geode]:     Check if auto-update-mods is saved
21:27:04 DEBUG [Main] [Geode]:   tpdea.betterpause-Better
21:27:04 DEBUG [Main] [Geode]:     Check covered
21:27:04 DEBUG [Main] [Geode]:     Check if type-pause is saved
21:27:04 DEBUG [Main] [Geode]:     Check if level-editor-hack is saved
21:27:04 DEBUG [Main] [Geode]:     Check if show-comment-button is saved
21:27:04 DEBUG [Main] [Geode]:     Check if amount-scroll-button is saved
21:27:04 INFO  [stdout]: -2
21:27:04 DEBUG [Main] [Geode]:     Check if disable-arrow-blink is saved
21:27:04 DEBUG [Main] [Geode]:     Check if tolerance-in-buttons-list is saved
21:27:04 DEBUG [Main] [Geode]:     Check if disable-arrow-buttons is saved
21:27:04 DEBUG [Main] [Geode]:     Check if disable-creator-label is saved
21:27:04 DEBUG [Main] [Geode]:     Check if enabled-info-button is saved
21:27:04 DEBUG [Main] [Geode]:     Check if enabled-coins-viewer is saved
21:27:04 DEBUG [Main] [Geode]:     Check if Quick-Settings-Select is saved
21:27:04 DEBUG [Main] [Geode]:     Check if original-comment-button-sprite is saved
21:27:04 DEBUG [Main] [Geode]:     Check if disable-rating-plus-label is saved
21:27:04 DEBUG [Main] [Geode]:     Check if confirm-edit-level is saved
21:27:04 DEBUG [Main] [Geode]:     Check if disable-icon-rating-plus-label is saved
21:27:04 INFO  [stdout]: -4
21:27:04 INFO  [stdout]: -5
21:27:04 INFO  [stdout]: -11
21:27:04 INFO  [stdout]: 4
21:27:04 INFO  [stdout]: 5
21:27:04 DEBUG [Main] [Geode]:     Check if remove-exit-hotkey is saved
21:27:04 DEBUG [Main] [Geode]:     Check if confirm-resume-level is saved
21:27:04 DEBUG [Main] [Geode]:     Check if confirm-practice-level is saved
21:27:04 DEBUG [Main] [Geode]:     Check if confirm-normal-level is saved
21:27:04 DEBUG [Main] [Geode]:     Check if confirm-restart-level is saved
21:27:04 DEBUG [Main] [Geode]:     Check if confirm-restart-full-level is saved
21:27:04 DEBUG [Main] [Geode]:   cvolton.betterinfo
21:27:04 DEBUG [Main] [Geode]:     Check covered
21:27:04 DEBUG [Main] [Geode]:     Check if fix-green-users is saved
21:27:04 DEBUG [Main] [Geode]:     Check if show-comment-ids is saved
21:27:04 DEBUG [Main] [Geode]:     Check if white-id is saved
21:27:04 DEBUG [Main] [Geode]:     Check if level-info is saved
21:27:04 DEBUG [Main] [Geode]:     Check if alt-button is saved
21:27:04 DEBUG [Main] [Geode]:     Check if auto-submit is saved
21:27:04 DEBUG [Main] [Geode]:     Check if hide-platformer-time is saved
21:27:04 DEBUG [Main] [Geode]:   cvolton.misc_bugfixes
21:27:04 DEBUG [Main] [Geode]:     Check covered
21:27:04 DEBUG [Main] [Geode]:     Check if skip-4gb-patch-check is saved
21:27:04 INFO  [Main] [Geode]:   Took 0.005s
