2024-05-10T00:35:58+0700
Whoopsies! An unhandled exception has occurred.

== Geode Information ==
Loader Version: v2.0.0-beta.26
Loader Commit: 2857ecf
Bindings Commit: d35e301
Installed mods: 20
Problems: 0

== Exception Information ==
Faulty Module: C:\WINDOWS\SYSTEM32\MSVCR120.dll
Faulty Mod: <Unknown>
Exception Code: c0000005 (EXCEPTION_ACCESS_VIOLATION)
Exception Flags: 0
Exception Address: 57FD4B71 (MSVCR120.dll + 34b71 (strspn + 167))
Number Parameters: 2
Crashed thread: Main

== Stack Trace ==
 - C:\WINDOWS\SYSTEM32\MSVCR120.dll + 34b71 (strspn + 167)
 - E:\SteamLibrary\steamapps\common\Geometry Dash\libcocos2d.dll + b3dc8 (cocos2d::CCRenderTexture::initWithWidthAndHeight + 456)
 - E:\SteamLibrary\steamapps\common\Geometry Dash\libcocos2d.dll + b38d9 (cocos2d::CCRenderTexture::create + 105)
 - E:\SteamLibrary\steamapps\common\Geometry Dash\GeometryDash.exe + 37ba7a
 - E:\SteamLibrary\steamapps\common\Geometry Dash\GeometryDash.exe + 37b7e3
 - E:\SteamLibrary\steamapps\common\Geometry Dash\GeometryDash.exe + 19345f
 - E:\SteamLibrary\steamapps\common\Geometry Dash\GeometryDash.exe + 23a1b0
 - 0300083E
 - E:\SteamLibrary\steamapps\common\Geometry Dash\geode\unzipped\geode.node-ids\geode.node-ids.dll + 51ac7
 - E:\SteamLibrary\steamapps\common\Geometry Dash\GeometryDash.exe + 1caade
 - 02F92D8B
 - E:\SteamLibrary\steamapps\common\Geometry Dash\libcocos2d.dll + 8f484 (cocos2d::CCActionInterval::step + 180)
 - E:\SteamLibrary\steamapps\common\Geometry Dash\libcocos2d.dll + 91564 (cocos2d::CCActionManager::update + 116)
 - E:\SteamLibrary\steamapps\common\Geometry Dash\libcocos2d.dll + 106e02 (cocos2d::CCScheduler::update + 82)
 - 02F90416
 - E:\SteamLibrary\steamapps\common\Geometry Dash\geode\unzipped\zilko.custom_labels\zilko.custom_labels.dll + 1dac6
 - 02F90037
 - E:\SteamLibrary\steamapps\common\Geometry Dash\libcocos2d.dll + 103223 (cocos2d::CCDirector::levelForSceneInStack + 131)
 - E:\SteamLibrary\steamapps\common\Geometry Dash\GeometryDash.exe + 3c12d8
 - E:\SteamLibrary\steamapps\common\Geometry Dash\Geode.dll + 1765c4 (gdMainHook + 532 | D:\a\geode\geode\loader\src\platform\windows\main.cpp:59)
 - E:\SteamLibrary\steamapps\common\Geometry Dash\GeometryDash.exe + 3c267e
 - C:\WINDOWS\System32\KERNEL32.DLL + 1fcc9 (BaseThreadInitThunk + 25)
 - C:\WINDOWS\SYSTEM32\ntdll.dll + 67c5e (RtlGetAppContainerNamedObjectPath + 286)
 - C:\WINDOWS\SYSTEM32\ntdll.dll + 67c2e (RtlGetAppContainerNamedObjectPath + 238)

== Register States ==
EAX: 066ef430
EBX: 00000420
ECX: 005cf1e8
EDX: 515f4c47
EBP: 005cf1a4
ESP: 005cf188
EDI: 005cf1e8
ESI: 00000518
EIP: 57fd4b71

== Installed Mods ==
x | [v1.2.9] alphalaneous.deathlink
  | [v1.0.4] bitz.moregames
x | [v4.1.10] cvolton.betterinfo
x | [v1.1.3] cvolton.misc_bugfixes
x | [v1.3.7] dankmeme.globed2
x | [v1.5.0] egg.icon_hack
x | [v1.3.1] elsai.a_daily_shop
x | [v0.0.3] flafy.autonong
x | [v2.7.1] fleym.nongd
x | [v1.5.6] geode.custom-keybinds
x | [v2.0.0-beta.26] geode.loader
x | [v1.9.1] geode.node-ids
x | [v1.5.0] geode.texture-loader
  | [v1.0.1] n.friends
x | [v1.0.3] nampe.demonlistvn
  | [v1.0.0] statuszer0.ultra_ldm
x | [v1.0.9] syzzi.click_between_frames
x | [v1.1.2] TheSillyDoggo.StartposSwitcher
x | [v1.6.8] tpdea.betterpause-Better
x | [v1.1.0] zilko.custom_labels
