2024-04-09T20:07:48+0700
Whoopsies! An unhandled exception has occurred.
It appears that the crash occurred while executing code from the "flafy.autonong" mod. Please submit this crash report to its developers (Flafy) for assistance.

== Geode Information ==
Loader Version: v2.0.0-beta.23
Loader Commit: b3c0c9f
Bindings Commit: a4c775b
Installed mods: 14
Problems: 0

== Exception Information ==
Faulty Module: E:\SteamLibrary\steamapps\common\Geometry Dash\geode\unzipped\flafy.autonong\flafy.autonong.dll
Faulty Mod: flafy.autonong
Exception Code: c0000005 (EXCEPTION_ACCESS_VIOLATION)
Exception Flags: 0
Exception Address: 592214CD (flafy.autonong.dll + 114cd)
Number Parameters: 2

== Stack Trace ==
 - E:\SteamLibrary\steamapps\common\Geometry Dash\geode\unzipped\flafy.autonong\flafy.autonong.dll + 114cd
 - E:\SteamLibrary\steamapps\common\Geometry Dash\geode\unzipped\flafy.autonong\flafy.autonong.dll + 15a38
 - E:\SteamLibrary\steamapps\common\Geometry Dash\Geode.dll + 921df (geode::Loader::Impl::executeMainThreadQueue + 271 | D:\a\geode\geode\loader\src\loader\LoaderImpl.cpp:807)
 - E:\SteamLibrary\steamapps\common\Geometry Dash\Geode.dll + 4ecc2 (geode::modifier::AsStaticFunction_update<FunctionQueue,void (FunctionQueue::*)(float) __attribute__((thiscall))>::Impl<void (FunctionQueue::*)(float) __attribute__((thiscall))>::function + 18 | D:\a\geode\geode\build\bindings\bindings\Geode\modify\CCScheduler.hpp:115)
 - 03221ED7
 - E:\SteamLibrary\steamapps\common\Geometry Dash\libcocos2d.dll + 103223 (cocos2d::CCDirector::levelForSceneInStack + 131)
 - E:\SteamLibrary\steamapps\common\Geometry Dash\GeometryDash.exe + 3c12d8
 - E:\SteamLibrary\steamapps\common\Geometry Dash\Geode.dll + 172764 (gdMainHook + 532 | D:\a\geode\geode\loader\src\platform\windows\main.cpp:59)
 - E:\SteamLibrary\steamapps\common\Geometry Dash\GeometryDash.exe + 3c267e
 - C:\WINDOWS\System32\KERNEL32.DLL + 1fcc9 (BaseThreadInitThunk + 25)
 - C:\WINDOWS\SYSTEM32\ntdll.dll + 67c6e (RtlGetAppContainerNamedObjectPath + 286)
 - C:\WINDOWS\SYSTEM32\ntdll.dll + 67c3e (RtlGetAppContainerNamedObjectPath + 238)

== Register States ==
EAX: 16762ad8
EBX: 010ff500
ECX: 00000124
EDX: 00000000
EBP: 010ff5b4
ESP: 010ff4d0
EDI: 1db4e770
ESI: 010ff4d0
EIP: 592214cd

== Installed Mods ==
  | [v1.0.4] bitz.moregames
x | [v4.1.7] cvolton.betterinfo
x | [v1.1.2] cvolton.misc_bugfixes
x | [v1.3.7] dankmeme.globed2
x | [v0.0.2] flafy.autonong
x | [v2.6.0] fleym.nongd
x | [v1.5.2] geode.custom-keybinds
x | [v2.0.0-beta.23] geode.loader
x | [v1.8.1] geode.node-ids
x | [v1.5.0] geode.texture-loader
  | [v1.0.1] n.friends
x | [v1.0.2] syzzi.click_between_frames
x | [v1.1.2] TheSillyDoggo.StartposSwitcher
x | [v1.6.8] tpdea.betterpause-Better
